2024-02-23 13:56:22,472  root       handle_request DEBUG    Description: Engine Run Time, PID RUN_TIME (011F1)
2024-02-23 13:56:22,482  root       handle_response DEBUG    Processing: '<header>7E8</header><size>04</size><data>41 1F 00 00</data>'
2024-02-23 13:56:22,484  root       handle_response DEBUG    Write: '7E8 04 41 1F 00 00 \r\r>'
2024-02-23 13:56:22,488  root       run        DEBUG    Received '01311'
2024-02-23 13:56:22,489  root       handle_request DEBUG    Handling: '01311', header '7E0', ECU '7E0'
2024-02-23 13:56:22,491  root       handle_request DEBUG    Description: Distance traveled since codes cleared, PID DISTANCE_SINCE_DTC_CLEAR (01311)
2024-02-23 13:56:22,492  root       handle_response DEBUG    Processing: '<header>7E8</header><size>04</size><data>41 31 00 32</data>'
2024-02-23 13:56:22,494  root       handle_response DEBUG    Write: '7E8 04 41 31 00 32 \r\r>'
2024-02-23 13:56:22,498  root       run        DEBUG    Received '012C1'
2024-02-23 13:56:22,499  root       handle_request DEBUG    Handling: '012C1', header '7E0', ECU '7E0'
2024-02-23 13:56:22,501  root       handle_request DEBUG    Description: Commanded EGR, PID COMMANDED_EGR (012C1)
2024-02-23 13:56:22,501  root       handle_response DEBUG    Processing: '<header>7E8</header><size>03</size><data>41 2C 00</data>'
2024-02-23 13:56:22,503  root       handle_response DEBUG    Write: '7E8 03 41 2C 00 \r\r>'
2024-02-23 13:56:22,507  root       run        DEBUG    Received '01421'
2024-02-23 13:56:22,509  root       handle_request DEBUG    Handling: '01421', header '7E0', ECU '7E0'
2024-02-23 13:56:22,510  root       handle_request DEBUG    Description: Control module voltage, PID CONTROL_MODULE_VOLTAGE (01421)
2024-02-23 13:56:22,512  root       handle_response DEBUG    Processing: '<header>7E8</header><size>04</size><data>41 42 39 9A</data>'
2024-02-23 13:56:22,513  root       handle_response DEBUG    Write: '7E8 04 41 42 39 9A \r\r>'
2024-02-23 13:56:22,517  root       run        DEBUG    Received '012E1'
2024-02-23 13:56:22,518  root       handle_request DEBUG    Handling: '012E1', header '7E0', ECU '7E0'
2024-02-23 13:56:22,520  root       handle_request DEBUG    Description: Commanded Evaporative Purge, PID EVAPORATIVE_PURGE (012E1)
2024-02-23 13:56:22,521  root       handle_response DEBUG    Processing: '<header>7E8</header><size>03</size><data>41 2E 00</data>'
2024-02-23 13:56:22,523  root       handle_response DEBUG    Write: '7E8 03 41 2E 00 \r\r>'
2024-02-23 13:56:22,526  root       run        DEBUG    Received '01051'
2024-02-23 13:56:22,527  root       handle_request DEBUG    Handling: '01051', header '7E0', ECU '7E0'
2024-02-23 13:56:22,529  root       handle_request DEBUG    Description: Engine Coolant Temperature, PID COOLANT_TEMP (01051)
2024-02-23 13:56:22,531  root       handle_response DEBUG    Processing: '<header>7E8</header><size>03</size><data>41 05 56</data>'
2024-02-23 13:56:22,532  root       handle_response DEBUG    Write: '7E8 03 41 05 56 \r\r>'
2024-02-23 13:56:22,536  root       run        DEBUG    Received '010F1'
2024-02-23 13:56:22,537  root       handle_request DEBUG    Handling: '010F1', header '7E0', ECU '7E0'
2024-02-23 13:56:22,538  root       handle_request DEBUG    Description: Intake Air Temp, PID INTAKE_TEMP (010F1)
2024-02-23 13:56:22,539  root       handle_response DEBUG    Processing: '<header>7E8</header><size>03</size><data>41 0F 34</data>'
2024-02-23 13:56:22,540  root       handle_response DEBUG    Write: '7E8 03 41 0F 34 \r\r>'
2024-02-23 13:56:22,545  root       run        DEBUG    Received '01071'
2024-02-23 13:56:22,546  root       handle_request DEBUG    Handling: '01071', header '7E0', ECU '7E0'
2024-02-23 13:56:22,548  root       handle_request DEBUG    Description: Long Term Fuel Trim - Bank 1, PID LONG_FUEL_TRIM_1 (01071)
2024-02-23 13:56:22,549  root       handle_response DEBUG    Processing: '<header>7E8</header><size>03</size><data>41 07 7C</data>'
2024-02-23 13:56:22,550  root       handle_response DEBUG    Write: '7E8 03 41 07 7C \r\r>'
2024-02-23 13:56:22,554  root       run        DEBUG    Received '07'
2024-02-23 13:56:22,556  root       handle_request DEBUG    Handling: '07', header '7E0', ECU '7E0'
2024-02-23 13:56:22,558  root       handle_request DEBUG    Description: Get DTCs from the current/last driving cycle, PID GET_CURRENT_DTC (07)
2024-02-23 13:56:22,559  root       handle_response DEBUG    Processing: '<header>7E8</header><size>02</size><data>47 00</data>'
2024-02-23 13:56:22,561  root       handle_response DEBUG    Write: '7E8 02 47 00 \r\r>'
2024-02-23 13:56:22,564  root       run        DEBUG    Received '010C1'
2024-02-23 13:56:22,565  root       handle_request DEBUG    Handling: '010C1', header '7E0', ECU '7E0'
2024-02-23 13:56:22,566  root       handle_request DEBUG    Description: Engine RPM, PID RPM (010C1)
2024-02-23 13:56:22,567  root       handle_response DEBUG    Processing: '<header>7E8</header><size>04</size><data>41 0C 41 C2</data>'
2024-02-23 13:56:22,568  root       handle_response DEBUG    Write: '7E8 04 41 0C 41 C2 \r\r>'
2024-02-23 13:56:22,572  root       run        DEBUG    Received '014D1'
2024-02-23 13:56:22,573  root       handle_request DEBUG    Handling: '014D1', header '7E0', ECU '7E0'
2024-02-23 13:56:22,574  root       handle_request DEBUG    Description: Time run with MIL on, PID RUN_TIME_MIL (014D1)
2024-02-23 13:56:22,575  root       handle_response DEBUG    Processing: '<header>7E8</header><size>04</size><data>41 4D 00 00</data>'
2024-02-23 13:56:22,577  root       handle_response DEBUG    Write: '7E8 04 41 4D 00 00 \r\r>'
2024-02-23 13:56:22,581  root       run        DEBUG    Received '01241'
2024-02-23 13:56:22,582  root       handle_request DEBUG    Handling: '01241', header '7E0', ECU '7E0'
2024-02-23 13:56:22,584  root       handle_request DEBUG    Description: 02 Sensor 1 WR Lambda Voltage, PID O2_S1_WR_VOLTAGE (01241)
2024-02-23 13:56:22,585  root       handle_response DEBUG    Processing: '<header>7E8</header><size>06</size><data>41 24 7E 87 69 71</data>'
2024-02-23 13:56:22,586  root       handle_response DEBUG    Write: '7E8 06 41 24 7E 87 69 71 \r\r>'
2024-02-23 13:56:22,591  root       run        DEBUG    Received '010D1'
2024-02-23 13:56:22,593  root       handle_request DEBUG    Handling: '010D1', header '7E0', ECU '7E0'
2024-02-23 13:56:22,594  root       handle_request DEBUG    Description: Vehicle Speed, PID SPEED (010D1)
2024-02-23 13:56:22,595  root       handle_response DEBUG    Processing: '<header>7E8</header><size>03</size><data>41 0D 0A</data>'
2024-02-23 13:56:22,597  root       handle_response DEBUG    Write: '7E8 03 41 0D 0A \r\r>'
2024-02-23 13:56:22,600  root       run        DEBUG    Received '01441'
2024-02-23 13:56:22,602  root       handle_request DEBUG    Handling: '01441', header '7E0', ECU '7E0'
2024-02-23 13:56:22,605  root       handle_request DEBUG    Description: Commanded equivalence ratio, PID COMMANDED_EQUIV_RATIO (01441)
2024-02-23 13:56:22,606  root       handle_response DEBUG    Processing: '<header>7E8</header><size>04</size><data>41 44 7E 4E</data>'
2024-02-23 13:56:22,607  root       handle_response DEBUG    Write: '7E8 04 41 44 7E 4E \r\r>'
