2024-02-16 11:37:50,556  root       handle_request DEBUG    Handling: '01202', header '7E0', ECU '7E0'
2024-02-16 11:37:50,562  root       handle_request DEBUG    Description: PIDS_B, PID ELM_PIDS_B (01202)
2024-02-16 11:37:50,563  root       handle_response DEBUG    Processing: '<header>7EA</header><size>06</size><data>41 20 80 01 A0 01</data><pos_answer>90 15 B0 15</pos_answer>'
2024-02-16 11:37:50,563  root       handle_response DEBUG    Write: '7EA 06 41 20 80 01 A0 01 \r7E8 06 41 20 90 15 B0 15 \r\r>'
2024-02-16 11:37:50,572  root       run        DEBUG    Received '012E1'
2024-02-16 11:37:50,573  root       handle_request DEBUG    Handling: '012E1', header '7E0', ECU '7E0'
2024-02-16 11:37:50,574  root       handle_request DEBUG    Description: Commanded Evaporative Purge, PID EVAPORATIVE_PURGE (012E1)
2024-02-16 11:37:50,580  root       handle_response DEBUG    Processing: '<header>7E8</header><size>03</size><data>41 2E 00</data>'
2024-02-16 11:37:50,580  root       handle_response DEBUG    Write: '7E8 03 41 2E 00 \r\r>'
2024-02-16 11:37:50,587  root       run        DEBUG    Received '01061'
2024-02-16 11:37:50,587  root       handle_request DEBUG    Handling: '01061', header '7E0', ECU '7E0'
2024-02-16 11:37:50,588  root       handle_request DEBUG    Description: Short Term Fuel Trim - Bank 1, PID SHORT_FUEL_TRIM_1 (01061)
2024-02-16 11:37:50,589  root       handle_response DEBUG    Processing: '<header>7E8</header><size>03</size><data>41 06 7F</data>'
2024-02-16 11:37:50,589  root       handle_response DEBUG    Write: '7E8 03 41 06 7F \r\r>'
2024-02-16 11:37:50,603  root       run        DEBUG    Received '011C1'
2024-02-16 11:37:50,604  root       handle_request DEBUG    Handling: '011C1', header '7E0', ECU '7E0'
2024-02-16 11:37:50,604  root       handle_request DEBUG    Description: OBD Standards Compliance, PID OBD_COMPLIANCE (011C1)
2024-02-16 11:37:50,604  root       handle_response DEBUG    Processing: '<header>7E8</header><size>03</size><data>41 1C 06</data>'
2024-02-16 11:37:50,605  root       handle_response DEBUG    Write: '7E8 03 41 1C 06 \r\r>'
2024-02-16 11:37:50,618  root       run        DEBUG    Received '010B1'
2024-02-16 11:37:50,618  root       handle_request DEBUG    Handling: '010B1', header '7E0', ECU '7E0'
2024-02-16 11:37:50,618  root       handle_request DEBUG    Description: Intake Manifold Pressure, PID INTAKE_PRESSURE (010B1)
2024-02-16 11:37:50,618  root       handle_response DEBUG    Processing: '<header>7E8</header><size>03</size><data>41 0B 26</data>'
2024-02-16 11:37:50,620  root       handle_response DEBUG    Write: '7E8 03 41 0B 26 \r\r>'
2024-02-16 11:37:50,634  root       run        DEBUG    Received '014D1'
2024-02-16 11:37:50,634  root       handle_request DEBUG    Handling: '014D1', header '7E0', ECU '7E0'
2024-02-16 11:37:50,635  root       handle_request DEBUG    Description: Time run with MIL on, PID RUN_TIME_MIL (014D1)
2024-02-16 11:37:50,635  root       handle_response DEBUG    Processing: '<header>7E8</header><size>04</size><data>41 4D 00 00</data>'
2024-02-16 11:37:50,635  root       handle_response DEBUG    Write: '7E8 04 41 4D 00 00 \r\r>'
2024-02-16 11:37:50,650  root       run        DEBUG    Received '010C1'
2024-02-16 11:37:50,650  root       handle_request DEBUG    Handling: '010C1', header '7E0', ECU '7E0'
2024-02-16 11:37:50,651  root       handle_request DEBUG    Description: Engine RPM, PID RPM (010C1)
2024-02-16 11:37:50,651  root       handle_response DEBUG    Processing: '<header>7E8</header><size>04</size><data>41 0C 14 46</data>'
2024-02-16 11:37:50,652  root       handle_response DEBUG    Write: '7E8 04 41 0C 14 46 \r\r>'
2024-02-16 11:37:50,665  root       run        DEBUG    Received '010F1'
2024-02-16 11:37:50,665  root       handle_request DEBUG    Handling: '010F1', header '7E0', ECU '7E0'
2024-02-16 11:37:50,666  root       handle_request DEBUG    Description: Intake Air Temp, PID INTAKE_TEMP (010F1)
2024-02-16 11:37:50,666  root       handle_response DEBUG    Processing: '<header>7E8</header><size>03</size><data>41 0F 35</data>'
2024-02-16 11:37:50,667  root       handle_response DEBUG    Write: '7E8 03 41 0F 35 \r\r>'
2024-02-16 11:37:50,681  root       run        DEBUG    Received '010D1'
2024-02-16 11:37:50,682  root       handle_request DEBUG    Handling: '010D1', header '7E0', ECU '7E0'
2024-02-16 11:37:50,682  root       handle_request DEBUG    Description: Vehicle Speed, PID SPEED (010D1)
2024-02-16 11:37:50,682  root       handle_response DEBUG    Processing: '<header>7E8</header><size>03</size><data>41 0D 27</data>'
2024-02-16 11:37:50,683  root       handle_response DEBUG    Write: '7E8 03 41 0D 27 \r\r>'
2024-02-16 11:37:50,696  root       run        DEBUG    Received '01331'
2024-02-16 11:37:50,696  root       handle_request DEBUG    Handling: '01331', header '7E0', ECU '7E0'
2024-02-16 11:37:50,697  root       handle_request DEBUG    Description: Barometric Pressure, PID BAROMETRIC_PRESSURE (01331)
2024-02-16 11:37:50,697  root       handle_response DEBUG    Processing: '<header>7E8</header><size>03</size><data>41 33 61</data>'
2024-02-16 11:37:50,698  root       handle_response DEBUG    Write: '7E8 03 41 33 61 \r\r>'
2024-02-16 11:37:50,712  root       run        DEBUG    Received '011F1'
2024-02-16 11:37:50,712  root       handle_request DEBUG    Handling: '011F1', header '7E0', ECU '7E0'
2024-02-16 11:37:50,713  root       handle_request DEBUG    Description: Engine Run Time, PID RUN_TIME (011F1)
2024-02-16 11:37:50,713  root       handle_response DEBUG    Processing: '<header>7E8</header><size>04</size><data>41 1F 00 32</data>'
2024-02-16 11:37:50,714  root       handle_response DEBUG    Write: '7E8 04 41 1F 00 32 \r\r>'
2024-02-16 11:37:50,727  root       run        DEBUG    Received '01301'
2024-02-16 11:37:50,727  root       handle_request DEBUG    Handling: '01301', header '7E0', ECU '7E0'
2024-02-16 11:37:50,728  root       handle_request DEBUG    Description: Number of warm-ups since codes cleared, PID WARMUPS_SINCE_DTC_CLEAR (01301)
2024-02-16 11:37:50,728  root       handle_response DEBUG    Processing: '<header>7E8</header><size>03</size><data>41 30 04</data>'
2024-02-16 11:37:50,730  root       handle_response DEBUG    Write: '7E8 03 41 30 04 \r\r>'
2024-02-16 11:37:50,743  root       run        DEBUG    Received '09023'
2024-02-16 11:37:50,743  root       handle_request DEBUG    Handling: '09023', header '7E0', ECU '7E0'
2024-02-16 11:37:50,744  root       handle_request DEBUG    Description: Vehicle Identification Number, PID VIN (09023)
2024-02-16 11:37:50,744  root       handle_response DEBUG    Processing: '<pos_answer>01 4D 41 54 34 30 33 30 39 36 42 4E 4C 30 30 30 30 30</pos_answer>'
2024-02-16 11:37:50,745  root       handle_response DEBUG    Write: '7E8 10 14 49 02 01 4D 41 54 \r7E8 21 34 30 33 30 39 36 42 \r7E8 22 4E 4C 30 30 30 30 30 \r\r>'
2024-02-16 11:37:50,759  root       run        DEBUG    Received '010E1'
2024-02-16 11:37:50,759  root       handle_request DEBUG    Handling: '010E1', header '7E0', ECU '7E0'
2024-02-16 11:37:50,760  root       handle_request DEBUG    Description: Timing Advance, PID TIMING_ADVANCE (010E1)
2024-02-16 11:37:50,761  root       handle_response DEBUG    Processing: '<header>7E8</header><size>03</size><data>41 0E 76</data>'
2024-02-16 11:37:50,761  root       handle_response DEBUG    Write: '7E8 03 41 0E 76 \r\r>'
2024-02-16 11:37:50,775  root       run        DEBUG    Received '01011'
2024-02-16 11:37:50,776  root       handle_request DEBUG    Handling: '01011', header '7E0', ECU '7E0'
2024-02-16 11:37:50,777  root       handle_request DEBUG    Description: Status since DTCs cleared, PID STATUS (01011)
2024-02-16 11:37:50,777  root       handle_response DEBUG    Processing: '<header>7E8</header><size>06</size><data>41 01 00 07 A1 00</data>'
2024-02-16 11:37:50,777  root       handle_response DEBUG    Write: '7E8 06 41 01 00 07 A1 00 \r\r>'
2024-02-16 11:37:50,791  root       run        DEBUG    Received '01002'
2024-02-16 11:37:50,791  root       handle_request DEBUG    Handling: '01002', header '7E0', ECU '7E0'
2024-02-16 11:37:50,792  root       handle_request DEBUG    Description: PIDS_A, PID ELM_PIDS_A (01002)
2024-02-16 11:37:50,792  root       handle_response DEBUG    Processing: '<header>7EA</header><size>06</size><data>41 00 98 3A 80 13</data><pos_answer>BE 3F A8 13</pos_answer>'
2024-02-16 11:37:50,793  root       handle_response DEBUG    Write: '7EA 06 41 00 98 3A 80 13 \r7E8 06 41 00 BE 3F A8 13 \r\r>'
2024-02-16 11:37:50,807  root       run        DEBUG    Received '01441'
2024-02-16 11:37:50,807  root       handle_request DEBUG    Handling: '01441', header '7E0', ECU '7E0'
2024-02-16 11:37:50,808  root       handle_request DEBUG    Description: Commanded equivalence ratio, PID COMMANDED_EQUIV_RATIO (01441)
2024-02-16 11:37:50,808  root       handle_response DEBUG    Processing: '<header>7E8</header><size>04</size><data>41 44 75 A8</data>'
2024-02-16 11:37:50,809  root       handle_response DEBUG    Write: '7E8 04 41 44 75 A8 \r\r>'
2024-02-16 11:37:50,823  root       run        DEBUG    Received '01471'
2024-02-16 11:37:50,824  root       handle_request DEBUG    Handling: '01471', header '7E0', ECU '7E0'
2024-02-16 11:37:50,825  root       handle_request DEBUG    Description: Absolute throttle position B, PID THROTTLE_POS_B (01471)
2024-02-16 11:37:50,826  root       handle_response DEBUG    Processing: '<header>7E8</header><size>03</size><data>41 47 7C</data>'
2024-02-16 11:37:50,826  root       handle_response DEBUG    Write: '7E8 03 41 47 7C \r\r>'
2024-02-16 11:37:50,837  root       run        DEBUG    Received '01431'
2024-02-16 11:37:50,837  root       handle_request DEBUG    Handling: '01431', header '7E0', ECU '7E0'
2024-02-16 11:37:50,838  root       handle_request DEBUG    Description: Absolute load value, PID ABSOLUTE_LOAD (01431)
2024-02-16 11:37:50,838  root       handle_response DEBUG    Processing: '<header>7E8</header><size>04</size><data>41 43 00 00</data>'
2024-02-16 11:37:50,838  root       handle_response DEBUG    Write: '7E8 04 41 43 00 00 \r\r>'
2024-02-16 11:37:50,852  root       run        DEBUG    Received '01211'
2024-02-16 11:37:50,853  root       handle_request DEBUG    Handling: '01211', header '7E0', ECU '7E0'
2024-02-16 11:37:50,853  root       handle_request DEBUG    Description: Distance Traveled with MIL on, PID DISTANCE_W_MIL (01211)
2024-02-16 11:37:50,853  root       handle_response DEBUG    Processing: '<header>7E8</header><size>04</size><data>41 21 00 00</data>'
2024-02-16 11:37:50,854  root       handle_response DEBUG    Write: '7E8 04 41 21 00 00 \r\r>'
2024-02-16 11:37:50,868  root       run        DEBUG    Received '01131'
2024-02-16 11:37:50,868  root       handle_request DEBUG    Handling: '01131', header '7E0', ECU '7E0'
2024-02-16 11:37:50,869  root       handle_request DEBUG    Description: O2 Sensors Present, PID O2_SENSORS (01131)
2024-02-16 11:37:50,870  root       handle_response DEBUG    Processing: '<header>7E8</header><size>03</size><data>41 13 03</data>'
2024-02-16 11:37:50,870  root       handle_response DEBUG    Write: '7E8 03 41 13 03 \r\r>'
2024-02-16 11:37:50,883  root       run        DEBUG    Received '013C1'
2024-02-16 11:37:50,883  root       handle_request DEBUG    Handling: '013C1', header '7E0', ECU '7E0'
2024-02-16 11:37:50,884  root       handle_request DEBUG    Description: Catalyst Temperature: Bank 1 - Sensor 1, PID CATALYST_TEMP_B1S1 (013C1)
2024-02-16 11:37:50,885  root       handle_response DEBUG    Processing: '<header>7E8</header><size>04</size><data>41 3C 22 36</data>'
2024-02-16 11:37:50,885  root       handle_response DEBUG    Write: '7E8 04 41 3C 22 36 \r\r>'
2024-02-16 11:37:50,899  root       run        DEBUG    Received '01111'
2024-02-16 11:37:50,899  root       handle_request DEBUG    Handling: '01111', header '7E0', ECU '7E0'
2024-02-16 11:37:50,900  root       handle_request DEBUG    Description: Throttle Position, PID THROTTLE_POS (01111)
2024-02-16 11:37:50,900  root       handle_response DEBUG    Processing: '<header>7E8</header><size>03</size><data>41 11 36</data>'
2024-02-16 11:37:50,901  root       handle_response DEBUG    Write: '7E8 03 41 11 36 \r\r>'
2024-02-16 11:37:50,915  root       run        DEBUG    Received '01241'
2024-02-16 11:37:50,915  root       handle_request DEBUG    Handling: '01241', header '7E0', ECU '7E0'
2024-02-16 11:37:50,916  root       handle_request DEBUG    Description: 02 Sensor 1 WR Lambda Voltage, PID O2_S1_WR_VOLTAGE (01241)
2024-02-16 11:37:50,917  root       handle_response DEBUG    Processing: '<header>7E8</header><size>06</size><data>41 24 7E 87 69 71</data>'
2024-02-16 11:37:50,917  root       handle_response DEBUG    Write: '7E8 06 41 24 7E 87 69 71 \r\r>'
2024-02-16 11:37:50,930  root       run        DEBUG    Received '01031'
2024-02-16 11:37:50,930  root       handle_request DEBUG    Handling: '01031', header '7E0', ECU '7E0'
2024-02-16 11:37:50,931  root       handle_request DEBUG    Description: Fuel System Status, PID FUEL_STATUS (01031)
2024-02-16 11:37:50,931  root       handle_response DEBUG    Processing: '<header>7E8</header><size>04</size><data>41 03 00 00</data>'
2024-02-16 11:37:50,933  root       handle_response DEBUG    Write: '7E8 04 41 03 00 00 \r\r>'
2024-02-16 11:37:50,946  root       run        DEBUG    Received '01051'
2024-02-16 11:37:50,946  root       handle_request DEBUG    Handling: '01051', header '7E0', ECU '7E0'
2024-02-16 11:37:50,947  root       handle_request DEBUG    Description: Engine Coolant Temperature, PID COOLANT_TEMP (01051)
2024-02-16 11:37:50,947  root       handle_response DEBUG    Processing: '<header>7E8</header><size>03</size><data>41 05 4C</data>'
2024-02-16 11:37:50,947  root       handle_response DEBUG    Write: '7E8 03 41 05 4C \r\r>'
2024-02-16 11:37:50,962  root       run        DEBUG    Received '01511'
2024-02-16 11:37:50,962  root       handle_request DEBUG    Handling: '01511', header '7E0', ECU '7E0'
2024-02-16 11:37:50,963  root       handle_request DEBUG    Description: Fuel Type, PID FUEL_TYPE (01511)
2024-02-16 11:37:50,963  root       handle_response DEBUG    Processing: '<header>7E8</header><size>03</size><data>41 51 01</data>'
2024-02-16 11:37:50,963  root       handle_response DEBUG    Write: '7E8 03 41 51 01 \r\r>'
2024-02-16 11:37:50,978  root       run        DEBUG    Received '01311'
2024-02-16 11:37:50,978  root       handle_request DEBUG    Handling: '01311', header '7E0', ECU '7E0'
2024-02-16 11:37:50,979  root       handle_request DEBUG    Description: Distance traveled since codes cleared, PID DISTANCE_SINCE_DTC_CLEAR (01311)
2024-02-16 11:37:50,979  root       handle_response DEBUG    Processing: '<header>7E8</header><size>04</size><data>41 31 00 31</data>'
2024-02-16 11:37:50,980  root       handle_response DEBUG    Write: '7E8 04 41 31 00 31 \r\r>'
2024-02-16 11:37:50,994  root       run        DEBUG    Received '01041'
2024-02-16 11:37:50,994  root       handle_request DEBUG    Handling: '01041', header '7E0', ECU '7E0'
2024-02-16 11:37:50,995  root       handle_request DEBUG    Description: Calculated Engine Load, PID ENGINE_LOAD (01041)
2024-02-16 11:37:50,995  root       handle_response DEBUG    Processing: '<header>7E8</header><size>03</size><data>41 04 00</data><header>7EA</header><size>03</size><data>41 04 00</data>'
2024-02-16 11:37:50,996  root       handle_response DEBUG    Write: '7E8 03 41 04 00 \r7EA 03 41 04 00 \r\r>'
2024-02-16 11:37:51,010  root       run        DEBUG    Received '01421'
2024-02-16 11:37:51,010  root       handle_request DEBUG    Handling: '01421', header '7E0', ECU '7E0'
2024-02-16 11:37:51,010  root       handle_request DEBUG    Description: Control module voltage, PID CONTROL_MODULE_VOLTAGE (01421)
2024-02-16 11:37:51,011  root       handle_response DEBUG    Processing: '<header>7E8</header><size>04</size><data>41 42 39 5F</data>'
2024-02-16 11:37:51,011  root       handle_response DEBUG    Write: '7E8 04 41 42 39 5F \r\r>'
2024-02-16 11:37:51,026  root       run        DEBUG    Received 'ATRV'
2024-02-16 11:37:51,027  root       handle_request DEBUG    Handling: 'ATRV', header '7E0', ECU '7E0'
2024-02-16 11:37:51,027  root       handle_request DEBUG    Description: AT read volt, PID AT_R_VOLT (ATRV)
2024-02-16 11:37:51,027  root       <module>   DEBUG    Volt = 13.9
2024-02-16 11:37:51,028  root       handle_response DEBUG    Processing: '<string>13.9</string><writeln>V</writeln>'
2024-02-16 11:37:51,028  root       handle_response DEBUG    Write: '13.9V\r\r>'
2024-02-16 11:37:51,042  root       run        DEBUG    Received '01101'
2024-02-16 11:37:51,042  root       handle_request DEBUG    Handling: '01101', header '7E0', ECU '7E0'
2024-02-16 11:37:51,043  root       handle_request DEBUG    Description: Air Flow Rate (MAF), PID MAF (01101)
2024-02-16 11:37:51,043  root       handle_response DEBUG    Processing: '<header>7E8</header><size>04</size><data>41 10 03 05</data>'
2024-02-16 11:37:51,044  root       handle_response DEBUG    Write: '7E8 04 41 10 03 05 \r\r>'
2024-02-16 11:37:51,057  root       run        DEBUG    Received '01451'
2024-02-16 11:37:51,057  root       handle_request DEBUG    Handling: '01451', header '7E0', ECU '7E0'
2024-02-16 11:37:51,058  root       handle_request DEBUG    Description: Relative throttle position, PID RELATIVE_THROTTLE_POS (01451)
2024-02-16 11:37:51,058  root       handle_response DEBUG    Processing: '<header>7E8</header><size>03</size><data>41 45 42</data>'
2024-02-16 11:37:51,060  root       handle_response DEBUG    Write: '7E8 03 41 45 42 \r\r>'
2024-02-16 11:37:51,073  root       run        DEBUG    Received '01071'
2024-02-16 11:37:51,073  root       handle_request DEBUG    Handling: '01071', header '7E0', ECU '7E0'
2024-02-16 11:37:51,075  root       handle_request DEBUG    Description: Long Term Fuel Trim - Bank 1, PID LONG_FUEL_TRIM_1 (01071)
2024-02-16 11:37:51,076  root       handle_response DEBUG    Processing: '<header>7E8</header><size>03</size><data>41 07 7E</data>'
2024-02-16 11:37:51,076  root       handle_response DEBUG    Write: '7E8 03 41 07 7E \r\r>'
2024-02-16 11:37:51,089  root       run        DEBUG    Received '01341'
2024-02-16 11:37:51,089  root       handle_request DEBUG    Handling: '01341', header '7E0', ECU '7E0'
2024-02-16 11:37:51,090  root       handle_request DEBUG    Description: 02 Sensor 1 WR Lambda Current, PID O2_S1_WR_CURRENT (01341)
2024-02-16 11:37:51,091  root       handle_response DEBUG    Processing: '<header>7E8</header><size>06</size><data>41 34 81 81 80 0B</data>'
2024-02-16 11:37:51,091  root       handle_response DEBUG    Write: '7E8 06 41 34 81 81 80 0B \r\r>'
2024-02-16 11:37:51,104  root       run        DEBUG    Received '014E1'
2024-02-16 11:37:51,105  root       handle_request DEBUG    Handling: '014E1', header '7E0', ECU '7E0'
2024-02-16 11:37:51,105  root       handle_request DEBUG    Description: Time since trouble codes cleared, PID TIME_SINCE_DTC_CLEARED (014E1)
2024-02-16 11:37:51,105  root       handle_response DEBUG    Processing: '<header>7E8</header><size>04</size><data>41 4E 00 5B</data>'
2024-02-16 11:37:51,106  root       handle_response DEBUG    Write: '7E8 04 41 4E 00 5B \r\r>'
2024-02-16 11:37:51,120  root       run        DEBUG    Received '012C1'
2024-02-16 11:37:51,120  root       handle_request DEBUG    Handling: '012C1', header '7E0', ECU '7E0'
2024-02-16 11:37:51,121  root       handle_request DEBUG    Description: Commanded EGR, PID COMMANDED_EGR (012C1)
2024-02-16 11:37:51,121  root       handle_response DEBUG    Processing: '<header>7E8</header><size>03</size><data>41 2C 00</data>'
2024-02-16 11:37:51,122  root       handle_response DEBUG    Write: '7E8 03 41 2C 00 \r\r>'
2024-02-16 11:37:51,136  root       run        DEBUG    Received '014C1'
2024-02-16 11:37:51,137  root       handle_request DEBUG    Handling: '014C1', header '7E0', ECU '7E0'
2024-02-16 11:37:51,137  root       handle_request DEBUG    Description: Commanded throttle actuator, PID THROTTLE_ACTUATOR (014C1)
2024-02-16 11:37:51,138  root       handle_response DEBUG    Processing: '<header>7E8</header><size>03</size><data>41 4C 75</data>'
2024-02-16 11:37:51,138  root       handle_response DEBUG    Write: '7E8 03 41 4C 75 \r\r>'
2024-02-16 11:37:51,151  root       run        DEBUG    Received '01151'
2024-02-16 11:37:51,151  root       handle_request DEBUG    Handling: '01151', header '7E0', ECU '7E0'
2024-02-16 11:37:51,152  root       handle_request DEBUG    Description: O2: Bank 1 - Sensor 2 Voltage, PID O2_B1S2 (01151)
2024-02-16 11:37:51,153  root       handle_response DEBUG    Processing: '<header>7E8</header><size>04</size><data>41 15 46 FF</data>'
2024-02-16 11:37:51,153  root       handle_response DEBUG    Write: '7E8 04 41 15 46 FF \r\r>'
2024-02-16 11:37:51,167  root       run        DEBUG    Received '03'
2024-02-16 11:37:51,167  root       handle_request DEBUG    Handling: '03', header '7E0', ECU '7E0'
2024-02-16 11:37:51,169  root       handle_request DEBUG    Description: Get DTCs (Diagnostic Trouble Codes), PID GET_DTC (03)
2024-02-16 11:37:51,169  root       handle_response DEBUG    Processing: '<header>7E8</header><size>02</size><data>43 00</data>'
2024-02-16 11:37:51,169  root       handle_response DEBUG    Write: '7E8 02 43 00 \r\r>'
2024-02-16 11:37:51,182  root       run        DEBUG    Received '013E1'
2024-02-16 11:37:51,182  root       handle_request DEBUG    Handling: '013E1', header '7E0', ECU '7E0'
2024-02-16 11:37:51,183  root       handle_request DEBUG    Description: Catalyst Temperature: Bank 1 - Sensor 2, PID CATALYST_TEMP_B1S2 (013E1)
2024-02-16 11:37:51,183  root       handle_response DEBUG    Processing: '<header>7E8</header><size>04</size><data>41 3E 20 A1</data>'
2024-02-16 11:37:51,184  root       handle_response DEBUG    Write: '7E8 04 41 3E 20 A1 \r\r>'
2024-02-16 11:37:51,527  root       run        DEBUG    Received '07'
2024-02-16 11:37:51,527  root       handle_request DEBUG    Handling: '07', header '7E0', ECU '7E0'
2024-02-16 11:37:51,528  root       handle_request DEBUG    Description: Get DTCs from the current/last driving cycle, PID GET_CURRENT_DTC (07)
2024-02-16 11:37:51,528  root       handle_response DEBUG    Processing: '<header>7E8</header><size>02</size><data>47 00</data>'
2024-02-16 11:37:51,529  root       handle_response DEBUG    Write: '7E8 02 47 00 \r\r>'
2024-02-16 11:37:51,543  root       run        DEBUG    Received '01402'
2024-02-16 11:37:51,543  root       handle_request DEBUG    Handling: '01402', header '7E0', ECU '7E0'
2024-02-16 11:37:51,544  root       handle_request DEBUG    Description: PIDS_C, PID ELM_PIDS_C (01402)
2024-02-16 11:37:51,544  root       handle_response DEBUG    Processing: '<header>7EA</header><size>06</size><data>41 40 44 CC 00 21</data><pos_answer>7A 1C 80 00</pos_answer>'
2024-02-16 11:37:51,545  root       handle_response DEBUG    Write: '7EA 06 41 40 44 CC 00 21 \r7E8 06 41 40 7A 1C 80 00 \r\r>'
2024-02-16 11:37:51,558  root       run        DEBUG    Received '01202'
2024-02-16 11:37:51,558  root       handle_request DEBUG    Handling: '01202', header '7E0', ECU '7E0'
2024-02-16 11:37:51,558  root       handle_request DEBUG    Description: PIDS_B, PID ELM_PIDS_B (01202)
2024-02-16 11:37:51,560  root       handle_response DEBUG    Processing: '<header>7EA</header><size>06</size><data>41 20 80 01 A0 01</data><pos_answer>90 15 B0 15</pos_answer>'
2024-02-16 11:37:51,560  root       handle_response DEBUG    Write: '7EA 06 41 20 80 01 A0 01 \r7E8 06 41 20 90 15 B0 15 \r\r>'
2024-02-16 11:37:51,574  root       run        DEBUG    Received '012E1'
2024-02-16 11:37:51,575  root       handle_request DEBUG    Handling: '012E1', header '7E0', ECU '7E0'
2024-02-16 11:37:51,575  root       handle_request DEBUG    Description: Commanded Evaporative Purge, PID EVAPORATIVE_PURGE (012E1)
2024-02-16 11:37:51,576  root       handle_response DEBUG    Processing: '<header>7E8</header><size>03</size><data>41 2E 00</data>'
2024-02-16 11:37:51,576  root       handle_response DEBUG    Write: '7E8 03 41 2E 00 \r\r>'
2024-02-16 11:37:51,590  root       run        DEBUG    Received '01061'
2024-02-16 11:37:51,591  root       handle_request DEBUG    Handling: '01061', header '7E0', ECU '7E0'
2024-02-16 11:37:51,592  root       handle_request DEBUG    Description: Short Term Fuel Trim - Bank 1, PID SHORT_FUEL_TRIM_1 (01061)
2024-02-16 11:37:51,592  root       handle_response DEBUG    Processing: '<header>7E8</header><size>03</size><data>41 06 8B</data>'
2024-02-16 11:37:51,593  root       handle_response DEBUG    Write: '7E8 03 41 06 8B \r\r>'
2024-02-16 11:37:51,605  root       run        DEBUG    Received '011C1'
2024-02-16 11:37:51,605  root       handle_request DEBUG    Handling: '011C1', header '7E0', ECU '7E0'
2024-02-16 11:37:51,606  root       handle_request DEBUG    Description: OBD Standards Compliance, PID OBD_COMPLIANCE (011C1)
2024-02-16 11:37:51,606  root       handle_response DEBUG    Processing: '<header>7E8</header><size>03</size><data>41 1C 06</data>'
2024-02-16 11:37:51,607  root       handle_response DEBUG    Write: '7E8 03 41 1C 06 \r\r>'
2024-02-16 11:37:51,621  root       run        DEBUG    Received '010B1'
2024-02-16 11:37:51,622  root       handle_request DEBUG    Handling: '010B1', header '7E0', ECU '7E0'
2024-02-16 11:37:51,622  root       handle_request DEBUG    Description: Intake Manifold Pressure, PID INTAKE_PRESSURE (010B1)
2024-02-16 11:37:51,622  root       handle_response DEBUG    Processing: '<header>7E8</header><size>03</size><data>41 0B 60</data>'
2024-02-16 11:37:51,623  root       handle_response DEBUG    Write: '7E8 03 41 0B 60 \r\r>'
2024-02-16 11:37:51,637  root       run        DEBUG    Received '014D1'
2024-02-16 11:37:51,638  root       handle_request DEBUG    Handling: '014D1', header '7E0', ECU '7E0'
2024-02-16 11:37:51,638  root       handle_request DEBUG    Description: Time run with MIL on, PID RUN_TIME_MIL (014D1)
2024-02-16 11:37:51,639  root       handle_response DEBUG    Processing: '<header>7E8</header><size>04</size><data>41 4D 00 00</data>'
2024-02-16 11:37:51,639  root       handle_response DEBUG    Write: '7E8 04 41 4D 00 00 \r\r>'
2024-02-16 11:37:51,653  root       run        DEBUG    Received '010C1'
2024-02-16 11:37:51,653  root       handle_request DEBUG    Handling: '010C1', header '7E0', ECU '7E0'
2024-02-16 11:37:51,654  root       handle_request DEBUG    Description: Engine RPM, PID RPM (010C1)
2024-02-16 11:37:51,654  root       handle_response DEBUG    Processing: '<header>7E8</header><size>04</size><data>41 0C 41 C2</data>'
2024-02-16 11:37:51,655  root       handle_response DEBUG    Write: '7E8 04 41 0C 41 C2 \r\r>'
2024-02-16 11:37:51,668  root       run        DEBUG    Received '010F1'
2024-02-16 11:37:51,668  root       handle_request DEBUG    Handling: '010F1', header '7E0', ECU '7E0'
2024-02-16 11:37:51,668  root       handle_request DEBUG    Description: Intake Air Temp, PID INTAKE_TEMP (010F1)
2024-02-16 11:37:51,670  root       handle_response DEBUG    Processing: '<header>7E8</header><size>03</size><data>41 0F 38</data>'
2024-02-16 11:37:51,670  root       handle_response DEBUG    Write: '7E8 03 41 0F 38 \r\r>'
2024-02-16 11:37:51,684  root       run        DEBUG    Received '010D1'
2024-02-16 11:37:51,685  root       handle_request DEBUG    Handling: '010D1', header '7E0', ECU '7E0'
2024-02-16 11:37:51,685  root       handle_request DEBUG    Description: Vehicle Speed, PID SPEED (010D1)
2024-02-16 11:37:51,685  root       handle_response DEBUG    Processing: '<header>7E8</header><size>03</size><data>41 0D 27</data>'
2024-02-16 11:37:51,685  root       handle_response DEBUG    Write: '7E8 03 41 0D 27 \r\r>'
2024-02-16 11:37:51,700  root       run        DEBUG    Received '01331'
2024-02-16 11:37:51,701  root       handle_request DEBUG    Handling: '01331', header '7E0', ECU '7E0'
2024-02-16 11:37:51,701  root       handle_request DEBUG    Description: Barometric Pressure, PID BAROMETRIC_PRESSURE (01331)
2024-02-16 11:37:51,702  root       handle_response DEBUG    Processing: '<header>7E8</header><size>03</size><data>41 33 61</data>'
2024-02-16 11:37:51,703  root       handle_response DEBUG    Write: '7E8 03 41 33 61 \r\r>'
2024-02-16 11:37:51,715  root       run        DEBUG    Received '011F1'
2024-02-16 11:37:51,715  root       handle_request DEBUG    Handling: '011F1', header '7E0', ECU '7E0'
2024-02-16 11:37:51,716  root       handle_request DEBUG    Description: Engine Run Time, PID RUN_TIME (011F1)
2024-02-16 11:37:51,716  root       handle_response DEBUG    Processing: '<header>7E8</header><size>04</size><data>41 1F 00 53</data>'
2024-02-16 11:37:51,716  root       handle_response DEBUG    Write: '7E8 04 41 1F 00 53 \r\r>'
2024-02-16 11:37:51,730  root       run        DEBUG    Received '01301'
2024-02-16 11:37:51,731  root       handle_request DEBUG    Handling: '01301', header '7E0', ECU '7E0'
2024-02-16 11:37:51,732  root       handle_request DEBUG    Description: Number of warm-ups since codes cleared, PID WARMUPS_SINCE_DTC_CLEAR (01301)
2024-02-16 11:37:51,732  root       handle_response DEBUG    Processing: '<header>7E8</header><size>03</size><data>41 30 04</data>'
2024-02-16 11:37:51,732  root       handle_response DEBUG    Write: '7E8 03 41 30 04 \r\r>'
2024-02-16 11:37:51,745  root       run        DEBUG    Received '09023'
2024-02-16 11:37:51,745  root       handle_request DEBUG    Handling: '09023', header '7E0', ECU '7E0'
2024-02-16 11:37:51,746  root       handle_request DEBUG    Description: Vehicle Identification Number, PID VIN (09023)
2024-02-16 11:37:51,746  root       handle_response DEBUG    Processing: '<pos_answer>01 53 42 31 5A 53 33 4A 45 36 30 45 32 38 32 31 30 32</pos_answer>'
2024-02-16 11:37:51,746  root       handle_response DEBUG    Write: '7E8 10 14 49 02 01 53 42 31 \r7E8 21 5A 53 33 4A 45 36 30 \r7E8 22 45 32 38 32 31 30 32 \r\r>'
2024-02-16 11:37:51,761  root       run        DEBUG    Received '010E1'
2024-02-16 11:37:51,761  root       handle_request DEBUG    Handling: '010E1', header '7E0', ECU '7E0'
2024-02-16 11:37:51,762  root       handle_request DEBUG    Description: Timing Advance, PID TIMING_ADVANCE (010E1)
2024-02-16 11:37:51,762  root       handle_response DEBUG    Processing: '<header>7E8</header><size>03</size><data>41 0E AB</data>'
2024-02-16 11:37:51,763  root       handle_response DEBUG    Write: '7E8 03 41 0E AB \r\r>'
2024-02-16 11:37:51,776  root       run        DEBUG    Received '01011'
2024-02-16 11:37:51,776  root       handle_request DEBUG    Handling: '01011', header '7E0', ECU '7E0'
2024-02-16 11:37:51,777  root       handle_request DEBUG    Description: Status since DTCs cleared, PID STATUS (01011)
2024-02-16 11:37:51,778  root       handle_response DEBUG    Processing: '<header>7E8</header><size>06</size><data>41 01 00 07 A1 00</data>'
2024-02-16 11:37:51,778  root       handle_response DEBUG    Write: '7E8 06 41 01 00 07 A1 00 \r\r>'
2024-02-16 11:37:51,792  root       run        DEBUG    Received '01002'
2024-02-16 11:37:51,792  root       handle_request DEBUG    Handling: '01002', header '7E0', ECU '7E0'
2024-02-16 11:37:51,793  root       handle_request DEBUG    Description: PIDS_A, PID ELM_PIDS_A (01002)
2024-02-16 11:37:51,793  root       handle_response DEBUG    Processing: '<header>7EA</header><size>06</size><data>41 00 98 3A 80 13</data><pos_answer>BE 3F A8 13</pos_answer>'
2024-02-16 11:37:51,794  root       handle_response DEBUG    Write: '7EA 06 41 00 98 3A 80 13 \r7E8 06 41 00 BE 3F A8 13 \r\r>'
2024-02-16 11:37:51,808  root       run        DEBUG    Received '01441'
2024-02-16 11:37:51,808  root       handle_request DEBUG    Handling: '01441', header '7E0', ECU '7E0'
2024-02-16 11:37:51,810  root       handle_request DEBUG    Description: Commanded equivalence ratio, PID COMMANDED_EQUIV_RATIO (01441)
2024-02-16 11:37:51,810  root       handle_response DEBUG    Processing: '<header>7E8</header><size>04</size><data>41 44 75 A8</data>'
2024-02-16 11:37:51,810  root       handle_response DEBUG    Write: '7E8 04 41 44 75 A8 \r\r>'
2024-02-16 11:37:51,823  root       run        DEBUG    Received '01471'
2024-02-16 11:37:51,823  root       handle_request DEBUG    Handling: '01471', header '7E0', ECU '7E0'
2024-02-16 11:37:51,824  root       handle_request DEBUG    Description: Absolute throttle position B, PID THROTTLE_POS_B (01471)
2024-02-16 11:37:51,825  root       handle_response DEBUG    Processing: '<header>7E8</header><size>03</size><data>41 47 95</data>'
2024-02-16 11:37:51,825  root       handle_response DEBUG    Write: '7E8 03 41 47 95 \r\r>'
2024-02-16 11:37:51,839  root       run        DEBUG    Received '01431'
2024-02-16 11:37:51,839  root       handle_request DEBUG    Handling: '01431', header '7E0', ECU '7E0'
2024-02-16 11:37:51,840  root       handle_request DEBUG    Description: Absolute load value, PID ABSOLUTE_LOAD (01431)
2024-02-16 11:37:51,840  root       handle_response DEBUG    Processing: '<header>7E8</header><size>04</size><data>41 43 00 BE</data>'
2024-02-16 11:37:51,841  root       handle_response DEBUG    Write: '7E8 04 41 43 00 BE \r\r>'
2024-02-16 11:37:51,855  root       run        DEBUG    Received '01211'
2024-02-16 11:37:51,855  root       handle_request DEBUG    Handling: '01211', header '7E0', ECU '7E0'
2024-02-16 11:37:51,856  root       handle_request DEBUG    Description: Distance Traveled with MIL on, PID DISTANCE_W_MIL (01211)
2024-02-16 11:37:51,856  root       handle_response DEBUG    Processing: '<header>7E8</header><size>04</size><data>41 21 00 00</data>'
2024-02-16 11:37:51,856  root       handle_response DEBUG    Write: '7E8 04 41 21 00 00 \r\r>'
2024-02-16 11:37:51,871  root       run        DEBUG    Received '01131'
2024-02-16 11:37:51,871  root       handle_request DEBUG    Handling: '01131', header '7E0', ECU '7E0'
2024-02-16 11:37:51,872  root       handle_request DEBUG    Description: O2 Sensors Present, PID O2_SENSORS (01131)
2024-02-16 11:37:51,873  root       handle_response DEBUG    Processing: '<header>7E8</header><size>03</size><data>41 13 03</data>'
2024-02-16 11:37:51,873  root       handle_response DEBUG    Write: '7E8 03 41 13 03 \r\r>'
2024-02-16 11:37:51,886  root       run        DEBUG    Received '013C1'
2024-02-16 11:37:51,887  root       handle_request DEBUG    Handling: '013C1', header '7E0', ECU '7E0'
2024-02-16 11:37:51,887  root       handle_request DEBUG    Description: Catalyst Temperature: Bank 1 - Sensor 1, PID CATALYST_TEMP_B1S1 (013C1)
2024-02-16 11:37:51,888  root       handle_response DEBUG    Processing: '<header>7E8</header><size>04</size><data>41 3C 15 B3</data>'
2024-02-16 11:37:51,888  root       handle_response DEBUG    Write: '7E8 04 41 3C 15 B3 \r\r>'
2024-02-16 11:37:51,901  root       run        DEBUG    Received '01111'
2024-02-16 11:37:51,901  root       handle_request DEBUG    Handling: '01111', header '7E0', ECU '7E0'
2024-02-16 11:37:51,902  root       handle_request DEBUG    Description: Throttle Position, PID THROTTLE_POS (01111)
2024-02-16 11:37:51,902  root       handle_response DEBUG    Processing: '<header>7E8</header><size>03</size><data>41 11 72</data>'
2024-02-16 11:37:51,902  root       handle_response DEBUG    Write: '7E8 03 41 11 72 \r\r>'
2024-02-16 11:37:51,917  root       run        DEBUG    Received '01241'
2024-02-16 11:37:51,917  root       handle_request DEBUG    Handling: '01241', header '7E0', ECU '7E0'
2024-02-16 11:37:51,918  root       handle_request DEBUG    Description: 02 Sensor 1 WR Lambda Voltage, PID O2_S1_WR_VOLTAGE (01241)
2024-02-16 11:37:51,918  root       handle_response DEBUG    Processing: '<header>7E8</header><size>06</size><data>41 24 80 71 6B F1</data>'
2024-02-16 11:37:51,919  root       handle_response DEBUG    Write: '7E8 06 41 24 80 71 6B F1 \r\r>'
2024-02-16 11:37:51,933  root       run        DEBUG    Received '01031'
2024-02-16 11:37:51,933  root       handle_request DEBUG    Handling: '01031', header '7E0', ECU '7E0'
2024-02-16 11:37:51,934  root       handle_request DEBUG    Description: Fuel System Status, PID FUEL_STATUS (01031)
2024-02-16 11:37:51,934  root       handle_response DEBUG    Processing: '<header>7E8</header><size>04</size><data>41 03 02 00</data>'
2024-02-16 11:37:51,935  root       handle_response DEBUG    Write: '7E8 04 41 03 02 00 \r\r>'
2024-02-16 11:37:51,948  root       run        DEBUG    Received '01051'
2024-02-16 11:37:51,948  root       handle_request DEBUG    Handling: '01051', header '7E0', ECU '7E0'
2024-02-16 11:37:51,949  root       handle_request DEBUG    Description: Engine Coolant Temperature, PID COOLANT_TEMP (01051)
2024-02-16 11:37:51,949  root       handle_response DEBUG    Processing: '<header>7E8</header><size>03</size><data>41 05 64</data>'
2024-02-16 11:37:51,950  root       handle_response DEBUG    Write: '7E8 03 41 05 64 \r\r>'
2024-02-16 11:37:51,963  root       run        DEBUG    Received '01511'
2024-02-16 11:37:51,963  root       handle_request DEBUG    Handling: '01511', header '7E0', ECU '7E0'
2024-02-16 11:37:51,964  root       handle_request DEBUG    Description: Fuel Type, PID FUEL_TYPE (01511)
2024-02-16 11:37:51,964  root       handle_response DEBUG    Processing: '<header>7E8</header><size>03</size><data>41 51 01</data>'
2024-02-16 11:37:51,965  root       handle_response DEBUG    Write: '7E8 03 41 51 01 \r\r>'
2024-02-16 11:37:51,980  root       run        DEBUG    Received '01311'
2024-02-16 11:37:51,981  root       handle_request DEBUG    Handling: '01311', header '7E0', ECU '7E0'
2024-02-16 11:37:51,981  root       handle_request DEBUG    Description: Distance traveled since codes cleared, PID DISTANCE_SINCE_DTC_CLEAR (01311)
2024-02-16 11:37:51,982  root       handle_response DEBUG    Processing: '<header>7E8</header><size>04</size><data>41 31 00 33</data>'
2024-02-16 11:37:51,982  root       handle_response DEBUG    Write: '7E8 04 41 31 00 33 \r\r>'
2024-02-16 11:37:51,995  root       run        DEBUG    Received '01041'
2024-02-16 11:37:51,995  root       handle_request DEBUG    Handling: '01041', header '7E0', ECU '7E0'
2024-02-16 11:37:51,996  root       handle_request DEBUG    Description: Calculated Engine Load, PID ENGINE_LOAD (01041)
2024-02-16 11:37:51,996  root       handle_response DEBUG    Processing: '<header>7E8</header><size>03</size><data>41 04 69</data>'
2024-02-16 11:37:51,997  root       handle_response DEBUG    Write: '7E8 03 41 04 69 \r\r>'
2024-02-16 11:37:52,011  root       run        DEBUG    Received '01421'
2024-02-16 11:37:52,011  root       handle_request DEBUG    Handling: '01421', header '7E0', ECU '7E0'
2024-02-16 11:37:52,012  root       handle_request DEBUG    Description: Control module voltage, PID CONTROL_MODULE_VOLTAGE (01421)
2024-02-16 11:37:52,012  root       handle_response DEBUG    Processing: '<header>7E8</header><size>04</size><data>41 42 39 73</data>'
2024-02-16 11:37:52,012  root       handle_response DEBUG    Write: '7E8 04 41 42 39 73 \r\r>'
2024-02-16 11:37:52,027  root       run        DEBUG    Received 'ATRV'
2024-02-16 11:37:52,028  root       handle_request DEBUG    Handling: 'ATRV', header '7E0', ECU '7E0'
2024-02-16 11:37:52,028  root       handle_request DEBUG    Description: AT read volt, PID AT_R_VOLT (ATRV)
2024-02-16 11:37:52,029  root       <module>   DEBUG    Volt = 13.8
2024-02-16 11:37:52,029  root       handle_response DEBUG    Processing: '<string>13.8</string><writeln>V</writeln>'
2024-02-16 11:37:52,029  root       handle_response DEBUG    Write: '13.8V\r\r>'
2024-02-16 11:37:52,042  root       run        DEBUG    Received '01101'
2024-02-16 11:37:52,042  root       handle_request DEBUG    Handling: '01101', header '7E0', ECU '7E0'
2024-02-16 11:37:52,043  root       handle_request DEBUG    Description: Air Flow Rate (MAF), PID MAF (01101)
2024-02-16 11:37:52,043  root       handle_response DEBUG    Processing: '<header>7E8</header><size>04</size><data>41 10 10 05</data>'
2024-02-16 11:37:52,044  root       handle_response DEBUG    Write: '7E8 04 41 10 10 05 \r\r>'
2024-02-16 11:37:52,058  root       run        DEBUG    Received '01451'
2024-02-16 11:37:52,058  root       handle_request DEBUG    Handling: '01451', header '7E0', ECU '7E0'
2024-02-16 11:37:52,059  root       handle_request DEBUG    Description: Relative throttle position, PID RELATIVE_THROTTLE_POS (01451)
2024-02-16 11:37:52,059  root       handle_response DEBUG    Processing: '<header>7E8</header><size>03</size><data>41 45 19</data>'
2024-02-16 11:37:52,060  root       handle_response DEBUG    Write: '7E8 03 41 45 19 \r\r>'
2024-02-16 11:37:52,074  root       run        DEBUG    Received '01071'
2024-02-16 11:37:52,074  root       handle_request DEBUG    Handling: '01071', header '7E0', ECU '7E0'
2024-02-16 11:37:52,075  root       handle_request DEBUG    Description: Long Term Fuel Trim - Bank 1, PID LONG_FUEL_TRIM_1 (01071)
2024-02-16 11:37:52,076  root       handle_response DEBUG    Processing: '<header>7E8</header><size>03</size><data>41 07 79</data>'
2024-02-16 11:37:52,076  root       handle_response DEBUG    Write: '7E8 03 41 07 79 \r\r>'
2024-02-16 11:37:52,090  root       run        DEBUG    Received '01341'
2024-02-16 11:37:52,091  root       handle_request DEBUG    Handling: '01341', header '7E0', ECU '7E0'
2024-02-16 11:37:52,092  root       handle_request DEBUG    Description: 02 Sensor 1 WR Lambda Current, PID O2_S1_WR_CURRENT (01341)
2024-02-16 11:37:52,093  root       handle_response DEBUG    Processing: '<header>7E8</header><size>06</size><data>41 34 7E EB 80 01</data>'
2024-02-16 11:37:52,093  root       handle_response DEBUG    Write: '7E8 06 41 34 7E EB 80 01 \r\r>'
2024-02-16 11:37:52,106  root       run        DEBUG    Received '014E1'
2024-02-16 11:37:52,106  root       handle_request DEBUG    Handling: '014E1', header '7E0', ECU '7E0'
2024-02-16 11:37:52,107  root       handle_request DEBUG    Description: Time since trouble codes cleared, PID TIME_SINCE_DTC_CLEARED (014E1)
2024-02-16 11:37:52,107  root       handle_response DEBUG    Processing: '<header>7E8</header><size>04</size><data>41 4E 00 5C</data>'
2024-02-16 11:37:52,108  root       handle_response DEBUG    Write: '7E8 04 41 4E 00 5C \r\r>'
2024-02-16 11:37:52,121  root       run        DEBUG    Received '012C1'
2024-02-16 11:37:52,122  root       handle_request DEBUG    Handling: '012C1', header '7E0', ECU '7E0'
2024-02-16 11:37:52,122  root       handle_request DEBUG    Description: Commanded EGR, PID COMMANDED_EGR (012C1)
2024-02-16 11:37:52,122  root       handle_response DEBUG    Processing: '<header>7E8</header><size>03</size><data>41 2C 00</data>'
2024-02-16 11:37:52,123  root       handle_response DEBUG    Write: '7E8 03 41 2C 00 \r\r>'
2024-02-16 11:37:52,136  root       run        DEBUG    Received '014C1'
2024-02-16 11:37:52,136  root       handle_request DEBUG    Handling: '014C1', header '7E0', ECU '7E0'
2024-02-16 11:37:52,137  root       handle_request DEBUG    Description: Commanded throttle actuator, PID THROTTLE_ACTUATOR (014C1)
2024-02-16 11:37:52,138  root       handle_response DEBUG    Processing: '<header>7E8</header><size>03</size><data>41 4C 33</data>'
2024-02-16 11:37:52,138  root       handle_response DEBUG    Write: '7E8 03 41 4C 33 \r\r>'
2024-02-16 11:37:52,152  root       run        DEBUG    Received '01151'
2024-02-16 11:37:52,152  root       handle_request DEBUG    Handling: '01151', header '7E0', ECU '7E0'
2024-02-16 11:37:52,153  root       handle_request DEBUG    Description: O2: Bank 1 - Sensor 2 Voltage, PID O2_B1S2 (01151)
2024-02-16 11:37:52,154  root       handle_response DEBUG    Processing: '<header>7E8</header><size>04</size><data>41 15 2A FF</data>'
2024-02-16 11:37:52,154  root       handle_response DEBUG    Write: '7E8 04 41 15 2A FF \r\r>'
2024-02-16 11:37:52,168  root       run        DEBUG    Received '03'
2024-02-16 11:37:52,168  root       handle_request DEBUG    Handling: '03', header '7E0', ECU '7E0'
2024-02-16 11:37:52,170  root       handle_request DEBUG    Description: Get DTCs (Diagnostic Trouble Codes), PID GET_DTC (03)
2024-02-16 11:37:52,170  root       handle_response DEBUG    Processing: '<header>7E8</header><size>02</size><data>43 00</data>'
2024-02-16 11:37:52,170  root       handle_response DEBUG    Write: '7E8 02 43 00 \r\r>'
2024-02-16 11:37:52,184  root       run        DEBUG    Received '013E1'
2024-02-16 11:37:52,184  root       handle_request DEBUG    Handling: '013E1', header '7E0', ECU '7E0'
2024-02-16 11:37:52,185  root       handle_request DEBUG    Description: Catalyst Temperature: Bank 1 - Sensor 2, PID CATALYST_TEMP_B1S2 (013E1)
2024-02-16 11:37:52,185  root       handle_response DEBUG    Processing: '<header>7E8</header><size>04</size><data>41 3E 10 C4</data>'
2024-02-16 11:37:52,185  root       handle_response DEBUG    Write: '7E8 04 41 3E 10 C4 \r\r>'
2024-02-16 11:37:52,540  root       run        DEBUG    Received '07'
2024-02-16 11:37:52,541  root       handle_request DEBUG    Handling: '07', header '7E0', ECU '7E0'
2024-02-16 11:37:52,542  root       handle_request DEBUG    Description: Get DTCs from the current/last driving cycle, PID GET_CURRENT_DTC (07)
2024-02-16 11:37:52,543  root       handle_response DEBUG    Processing: '<header>7E8</header><size>02</size><data>47 00</data>'
2024-02-16 11:37:52,543  root       handle_response DEBUG    Write: '7E8 02 47 00 \r\r>'
2024-02-16 11:37:52,556  root       run        DEBUG    Received '01402'
2024-02-16 11:37:52,556  root       handle_request DEBUG    Handling: '01402', header '7E0', ECU '7E0'
2024-02-16 11:37:52,557  root       handle_request DEBUG    Description: PIDS_C, PID ELM_PIDS_C (01402)
2024-02-16 11:37:52,557  root       handle_response DEBUG    Processing: '<header>7EA</header><size>06</size><data>41 40 44 CC 00 21</data><pos_answer>7A 1C 80 00</pos_answer>'
2024-02-16 11:37:52,558  root       handle_response DEBUG    Write: '7EA 06 41 40 44 CC 00 21 \r7E8 06 41 40 7A 1C 80 00 \r\r>'
2024-02-16 11:37:52,572  root       run        DEBUG    Received '01202'
2024-02-16 11:37:52,572  root       handle_request DEBUG    Handling: '01202', header '7E0', ECU '7E0'
2024-02-16 11:37:52,573  root       handle_request DEBUG    Description: PIDS_B, PID ELM_PIDS_B (01202)
2024-02-16 11:37:52,573  root       handle_response DEBUG    Processing: '<header>7EA</header><size>06</size><data>41 20 80 01 A0 01</data><pos_answer>90 15 B0 15</pos_answer>'
2024-02-16 11:37:52,573  root       handle_response DEBUG    Write: '7EA 06 41 20 80 01 A0 01 \r7E8 06 41 20 90 15 B0 15 \r\r>'
2024-02-16 11:37:52,587  root       run        DEBUG    Received '012E1'
2024-02-16 11:37:52,588  root       handle_request DEBUG    Handling: '012E1', header '7E0', ECU '7E0'
2024-02-16 11:37:52,589  root       handle_request DEBUG    Description: Commanded Evaporative Purge, PID EVAPORATIVE_PURGE (012E1)
2024-02-16 11:37:52,589  root       handle_response DEBUG    Processing: '<header>7E8</header><size>03</size><data>41 2E 00</data>'
2024-02-16 11:37:52,590  root       handle_response DEBUG    Write: '7E8 03 41 2E 00 \r\r>'
2024-02-16 11:37:52,602  root       run        DEBUG    Received '01061'
2024-02-16 11:37:52,602  root       handle_request DEBUG    Handling: '01061', header '7E0', ECU '7E0'
2024-02-16 11:37:52,604  root       handle_request DEBUG    Description: Short Term Fuel Trim - Bank 1, PID SHORT_FUEL_TRIM_1 (01061)
2024-02-16 11:37:52,604  root       handle_response DEBUG    Processing: '<header>7E8</header><size>03</size><data>41 06 7D</data>'
2024-02-16 11:37:52,604  root       handle_response DEBUG    Write: '7E8 03 41 06 7D \r\r>'
2024-02-16 11:37:52,618  root       run        DEBUG    Received '011C1'
2024-02-16 11:37:52,618  root       handle_request DEBUG    Handling: '011C1', header '7E0', ECU '7E0'
2024-02-16 11:37:52,619  root       handle_request DEBUG    Description: OBD Standards Compliance, PID OBD_COMPLIANCE (011C1)
2024-02-16 11:37:52,619  root       handle_response DEBUG    Processing: '<header>7E8</header><size>03</size><data>41 1C 06</data>'
2024-02-16 11:37:52,619  root       handle_response DEBUG    Write: '7E8 03 41 1C 06 \r\r>'
2024-02-16 11:37:52,633  root       run        DEBUG    Received '010B1'
2024-02-16 11:37:52,633  root       handle_request DEBUG    Handling: '010B1', header '7E0', ECU '7E0'
2024-02-16 11:37:52,634  root       handle_request DEBUG    Description: Intake Manifold Pressure, PID INTAKE_PRESSURE (010B1)
2024-02-16 11:37:52,634  root       handle_response DEBUG    Processing: '<header>7E8</header><size>03</size><data>41 0B 14</data>'
2024-02-16 11:37:52,634  root       handle_response DEBUG    Write: '7E8 03 41 0B 14 \r\r>'
2024-02-16 11:37:52,648  root       run        DEBUG    Received '014D1'
2024-02-16 11:37:52,648  root       handle_request DEBUG    Handling: '014D1', header '7E0', ECU '7E0'
2024-02-16 11:37:52,648  root       handle_request DEBUG    Description: Time run with MIL on, PID RUN_TIME_MIL (014D1)
2024-02-16 11:37:52,648  root       handle_response DEBUG    Processing: '<header>7E8</header><size>04</size><data>41 4D 00 00</data>'
2024-02-16 11:37:52,650  root       handle_response DEBUG    Write: '7E8 04 41 4D 00 00 \r\r>'
2024-02-16 11:37:52,664  root       run        DEBUG    Received '010C1'
2024-02-16 11:37:52,664  root       handle_request DEBUG    Handling: '010C1', header '7E0', ECU '7E0'
2024-02-16 11:37:52,665  root       handle_request DEBUG    Description: Engine RPM, PID RPM (010C1)
2024-02-16 11:37:52,665  root       handle_response DEBUG    Processing: '<header>7E8</header><size>04</size><data>41 0C 14 46</data>'
2024-02-16 11:37:52,665  root       handle_response DEBUG    Write: '7E8 04 41 0C 14 46 \r\r>'
2024-02-16 11:37:52,679  root       run        DEBUG    Received '010F1'
2024-02-16 11:37:52,679  root       handle_request DEBUG    Handling: '010F1', header '7E0', ECU '7E0'
2024-02-16 11:37:52,680  root       handle_request DEBUG    Description: Intake Air Temp, PID INTAKE_TEMP (010F1)
2024-02-16 11:37:52,680  root       handle_response DEBUG    Processing: '<header>7E8</header><size>03</size><data>41 0F 34</data>'
2024-02-16 11:37:52,680  root       handle_response DEBUG    Write: '7E8 03 41 0F 34 \r\r>'
2024-02-16 11:37:52,694  root       run        DEBUG    Received '010D1'
2024-02-16 11:37:52,695  root       handle_request DEBUG    Handling: '010D1', header '7E0', ECU '7E0'
2024-02-16 11:37:52,695  root       handle_request DEBUG    Description: Vehicle Speed, PID SPEED (010D1)
2024-02-16 11:37:52,696  root       handle_response DEBUG    Processing: '<header>7E8</header><size>03</size><data>41 0D 0A</data>'
2024-02-16 11:37:52,696  root       handle_response DEBUG    Write: '7E8 03 41 0D 0A \r\r>'
2024-02-16 11:37:52,710  root       run        DEBUG    Received '01331'
2024-02-16 11:37:52,710  root       handle_request DEBUG    Handling: '01331', header '7E0', ECU '7E0'
2024-02-16 11:37:52,711  root       handle_request DEBUG    Description: Barometric Pressure, PID BAROMETRIC_PRESSURE (01331)
2024-02-16 11:37:52,711  root       handle_response DEBUG    Processing: '<header>7E8</header><size>03</size><data>41 33 61</data>'
2024-02-16 11:37:52,711  root       handle_response DEBUG    Write: '7E8 03 41 33 61 \r\r>'
2024-02-16 11:37:52,726  root       run        DEBUG    Received '011F1'
2024-02-16 11:37:52,727  root       handle_request DEBUG    Handling: '011F1', header '7E0', ECU '7E0'
2024-02-16 11:37:52,727  root       handle_request DEBUG    Description: Engine Run Time, PID RUN_TIME (011F1)
2024-02-16 11:37:52,727  root       handle_response DEBUG    Processing: '<header>7E8</header><size>04</size><data>41 1F 00 8B</data>'
2024-02-16 11:37:52,728  root       handle_response DEBUG    Write: '7E8 04 41 1F 00 8B \r\r>'
2024-02-16 11:37:52,741  root       run        DEBUG    Received '01301'
2024-02-16 11:37:52,741  root       handle_request DEBUG    Handling: '01301', header '7E0', ECU '7E0'
2024-02-16 11:37:52,742  root       handle_request DEBUG    Description: Number of warm-ups since codes cleared, PID WARMUPS_SINCE_DTC_CLEAR (01301)
2024-02-16 11:37:52,742  root       handle_response DEBUG    Processing: '<header>7E8</header><size>03</size><data>41 30 04</data>'
2024-02-16 11:37:52,743  root       handle_response DEBUG    Write: '7E8 03 41 30 04 \r\r>'
2024-02-16 11:37:52,757  root       run        DEBUG    Received '09023'
2024-02-16 11:37:52,762  root       handle_request DEBUG    Handling: '09023', header '7E0', ECU '7E0'
2024-02-16 11:37:52,763  root       handle_request DEBUG    Description: Vehicle Identification Number, PID VIN (09023)
2024-02-16 11:37:52,763  root       handle_response DEBUG    Processing: '<pos_answer>01 4D 41 54 34 30 33 30 39 36 42 4E 4C 30 30 30 30 30</pos_answer>'
2024-02-16 11:37:52,764  root       handle_response DEBUG    Write: '7E8 10 14 49 02 01 4D 41 54 \r7E8 21 34 30 33 30 39 36 42 \r7E8 22 4E 4C 30 30 30 30 30 \r\r>'
2024-02-16 11:37:52,773  root       run        DEBUG    Received '010E1'
2024-02-16 11:37:52,773  root       handle_request DEBUG    Handling: '010E1', header '7E0', ECU '7E0'
2024-02-16 11:37:52,775  root       handle_request DEBUG    Description: Timing Advance, PID TIMING_ADVANCE (010E1)
2024-02-16 11:37:52,775  root       handle_response DEBUG    Processing: '<header>7E8</header><size>03</size><data>41 0E A8</data>'
2024-02-16 11:37:52,775  root       handle_response DEBUG    Write: '7E8 03 41 0E A8 \r\r>'
2024-02-16 11:37:52,789  root       run        DEBUG    Received '01011'
2024-02-16 11:37:52,789  root       handle_request DEBUG    Handling: '01011', header '7E0', ECU '7E0'
2024-02-16 11:37:52,791  root       handle_request DEBUG    Description: Status since DTCs cleared, PID STATUS (01011)
2024-02-16 11:37:52,791  root       handle_response DEBUG    Processing: '<header>7E8</header><size>06</size><data>41 01 00 07 A1 00</data>'
2024-02-16 11:37:52,792  root       handle_response DEBUG    Write: '7E8 06 41 01 00 07 A1 00 \r\r>'
2024-02-16 11:37:52,805  root       run        DEBUG    Received '01002'
2024-02-16 11:37:52,805  root       handle_request DEBUG    Handling: '01002', header '7E0', ECU '7E0'
2024-02-16 11:37:52,806  root       handle_request DEBUG    Description: PIDS_A, PID ELM_PIDS_A (01002)
2024-02-16 11:37:52,806  root       handle_response DEBUG    Processing: '<header>7EA</header><size>06</size><data>41 00 98 3A 80 13</data><pos_answer>BE 3F A8 13</pos_answer>'
2024-02-16 11:37:52,807  root       handle_response DEBUG    Write: '7EA 06 41 00 98 3A 80 13 \r7E8 06 41 00 BE 3F A8 13 \r\r>'
2024-02-16 11:37:52,821  root       run        DEBUG    Received '01441'
2024-02-16 11:37:52,822  root       handle_request DEBUG    Handling: '01441', header '7E0', ECU '7E0'
2024-02-16 11:37:52,823  root       handle_request DEBUG    Description: Commanded equivalence ratio, PID COMMANDED_EQUIV_RATIO (01441)
2024-02-16 11:37:52,823  root       handle_response DEBUG    Processing: '<header>7E8</header><size>04</size><data>41 44 62 8C</data>'
2024-02-16 11:37:52,824  root       handle_response DEBUG    Write: '7E8 04 41 44 62 8C \r\r>'
2024-02-16 11:37:52,837  root       run        DEBUG    Received '01471'
2024-02-16 11:37:52,837  root       handle_request DEBUG    Handling: '01471', header '7E0', ECU '7E0'
2024-02-16 11:37:52,838  root       handle_request DEBUG    Description: Absolute throttle position B, PID THROTTLE_POS_B (01471)
2024-02-16 11:37:52,839  root       handle_response DEBUG    Processing: '<header>7E8</header><size>03</size><data>41 47 85</data>'
2024-02-16 11:37:52,839  root       handle_response DEBUG    Write: '7E8 03 41 47 85 \r\r>'
2024-02-16 11:37:52,852  root       run        DEBUG    Received '01431'
2024-02-16 11:37:52,852  root       handle_request DEBUG    Handling: '01431', header '7E0', ECU '7E0'
2024-02-16 11:37:52,853  root       handle_request DEBUG    Description: Absolute load value, PID ABSOLUTE_LOAD (01431)
2024-02-16 11:37:52,854  root       handle_response DEBUG    Processing: '<header>7E8</header><size>04</size><data>41 43 00 54</data>'
2024-02-16 11:37:52,854  root       handle_response DEBUG    Write: '7E8 04 41 43 00 54 \r\r>'
2024-02-16 11:37:52,867  root       run        DEBUG    Received '01211'
2024-02-16 11:37:52,867  root       handle_request DEBUG    Handling: '01211', header '7E0', ECU '7E0'
2024-02-16 11:37:52,868  root       handle_request DEBUG    Description: Distance Traveled with MIL on, PID DISTANCE_W_MIL (01211)
2024-02-16 11:37:52,868  root       handle_response DEBUG    Processing: '<header>7E8</header><size>04</size><data>41 21 00 00</data>'
2024-02-16 11:37:52,868  root       handle_response DEBUG    Write: '7E8 04 41 21 00 00 \r\r>'
2024-02-16 11:37:52,882  root       run        DEBUG    Received '01131'
2024-02-16 11:37:52,882  root       handle_request DEBUG    Handling: '01131', header '7E0', ECU '7E0'
2024-02-16 11:37:52,884  root       handle_request DEBUG    Description: O2 Sensors Present, PID O2_SENSORS (01131)
2024-02-16 11:37:52,884  root       handle_response DEBUG    Processing: '<header>7E8</header><size>03</size><data>41 13 03</data>'
2024-02-16 11:37:52,885  root       handle_response DEBUG    Write: '7E8 03 41 13 03 \r\r>'
2024-02-16 11:37:52,898  root       run        DEBUG    Received '013C1'
2024-02-16 11:37:52,898  root       handle_request DEBUG    Handling: '013C1', header '7E0', ECU '7E0'
2024-02-16 11:37:52,899  root       handle_request DEBUG    Description: Catalyst Temperature: Bank 1 - Sensor 1, PID CATALYST_TEMP_B1S1 (013C1)
2024-02-16 11:37:52,899  root       handle_response DEBUG    Processing: '<header>7E8</header><size>04</size><data>41 3C 22 36</data>'
2024-02-16 11:37:52,900  root       handle_response DEBUG    Write: '7E8 04 41 3C 22 36 \r\r>'
2024-02-16 11:37:52,913  root       run        DEBUG    Received '01111'
2024-02-16 11:37:52,913  root       handle_request DEBUG    Handling: '01111', header '7E0', ECU '7E0'
2024-02-16 11:37:52,914  root       handle_request DEBUG    Description: Throttle Position, PID THROTTLE_POS (01111)
2024-02-16 11:37:52,914  root       handle_response DEBUG    Processing: '<header>7E8</header><size>03</size><data>41 11 2A</data>'
2024-02-16 11:37:52,914  root       handle_response DEBUG    Write: '7E8 03 41 11 2A \r\r>'
2024-02-16 11:37:52,928  root       run        DEBUG    Received '01241'
2024-02-16 11:37:52,928  root       handle_request DEBUG    Handling: '01241', header '7E0', ECU '7E0'
2024-02-16 11:37:52,930  root       handle_request DEBUG    Description: 02 Sensor 1 WR Lambda Voltage, PID O2_S1_WR_VOLTAGE (01241)
2024-02-16 11:37:52,930  root       handle_response DEBUG    Processing: '<header>7E8</header><size>06</size><data>41 24 7E 28 68 A9</data>'
2024-02-16 11:37:52,931  root       handle_response DEBUG    Write: '7E8 06 41 24 7E 28 68 A9 \r\r>'
2024-02-16 11:37:52,944  root       run        DEBUG    Received '01031'
2024-02-16 11:37:52,944  root       handle_request DEBUG    Handling: '01031', header '7E0', ECU '7E0'
2024-02-16 11:37:52,944  root       handle_request DEBUG    Description: Fuel System Status, PID FUEL_STATUS (01031)
2024-02-16 11:37:52,944  root       handle_response DEBUG    Processing: '<header>7E8</header><size>04</size><data>41 03 02 00</data>'
2024-02-16 11:37:52,944  root       handle_response DEBUG    Write: '7E8 04 41 03 02 00 \r\r>'
2024-02-16 11:37:52,959  root       run        DEBUG    Received '01051'
2024-02-16 11:37:52,960  root       handle_request DEBUG    Handling: '01051', header '7E0', ECU '7E0'
2024-02-16 11:37:52,960  root       handle_request DEBUG    Description: Engine Coolant Temperature, PID COOLANT_TEMP (01051)
2024-02-16 11:37:52,961  root       handle_response DEBUG    Processing: '<header>7E8</header><size>03</size><data>41 05 56</data>'
2024-02-16 11:37:52,961  root       handle_response DEBUG    Write: '7E8 03 41 05 56 \r\r>'
2024-02-16 11:37:52,975  root       run        DEBUG    Received '01511'
2024-02-16 11:37:52,975  root       handle_request DEBUG    Handling: '01511', header '7E0', ECU '7E0'
2024-02-16 11:37:52,976  root       handle_request DEBUG    Description: Fuel Type, PID FUEL_TYPE (01511)
2024-02-16 11:37:52,976  root       handle_response DEBUG    Processing: '<header>7E8</header><size>03</size><data>41 51 01</data>'
2024-02-16 11:37:52,977  root       handle_response DEBUG    Write: '7E8 03 41 51 01 \r\r>'
2024-02-16 11:37:52,990  root       run        DEBUG    Received '01311'
2024-02-16 11:37:52,990  root       handle_request DEBUG    Handling: '01311', header '7E0', ECU '7E0'
2024-02-16 11:37:52,991  root       handle_request DEBUG    Description: Distance traveled since codes cleared, PID DISTANCE_SINCE_DTC_CLEAR (01311)
2024-02-16 11:37:52,991  root       handle_response DEBUG    Processing: '<header>7E8</header><size>04</size><data>41 31 00 32</data>'
2024-02-16 11:37:52,991  root       handle_response DEBUG    Write: '7E8 04 41 31 00 32 \r\r>'
2024-02-16 11:37:53,006  root       run        DEBUG    Received '01041'
2024-02-16 11:37:53,006  root       handle_request DEBUG    Handling: '01041', header '7E0', ECU '7E0'
2024-02-16 11:37:53,007  root       handle_request DEBUG    Description: Calculated Engine Load, PID ENGINE_LOAD (01041)
2024-02-16 11:37:53,007  root       handle_response DEBUG    Processing: '<header>7E8</header><size>03</size><data>41 04 D6</data>'
2024-02-16 11:37:53,008  root       handle_response DEBUG    Write: '7E8 03 41 04 D6 \r\r>'
2024-02-16 11:37:53,022  root       run        DEBUG    Received '01421'
2024-02-16 11:37:53,022  root       handle_request DEBUG    Handling: '01421', header '7E0', ECU '7E0'
2024-02-16 11:37:53,023  root       handle_request DEBUG    Description: Control module voltage, PID CONTROL_MODULE_VOLTAGE (01421)
2024-02-16 11:37:53,023  root       handle_response DEBUG    Processing: '<header>7E8</header><size>04</size><data>41 42 39 38</data>'
2024-02-16 11:37:53,023  root       handle_response DEBUG    Write: '7E8 04 41 42 39 38 \r\r>'
2024-02-16 11:37:53,038  root       run        DEBUG    Received 'ATRV'
2024-02-16 11:37:53,039  root       handle_request DEBUG    Handling: 'ATRV', header '7E0', ECU '7E0'
2024-02-16 11:37:53,039  root       handle_request DEBUG    Description: AT read volt, PID AT_R_VOLT (ATRV)
2024-02-16 11:37:53,039  root       <module>   DEBUG    Volt = 13.7
2024-02-16 11:37:53,039  root       handle_response DEBUG    Processing: '<string>13.7</string><writeln>V</writeln>'
2024-02-16 11:37:53,040  root       handle_response DEBUG    Write: '13.7V\r\r>'
2024-02-16 11:37:53,053  root       run        DEBUG    Received '01101'
2024-02-16 11:37:53,053  root       handle_request DEBUG    Handling: '01101', header '7E0', ECU '7E0'
2024-02-16 11:37:53,054  root       handle_request DEBUG    Description: Air Flow Rate (MAF), PID MAF (01101)
2024-02-16 11:37:53,054  root       handle_response DEBUG    Processing: '<header>7E8</header><size>04</size><data>41 10 03 05</data>'
2024-02-16 11:37:53,055  root       handle_response DEBUG    Write: '7E8 04 41 10 03 05 \r\r>'
2024-02-16 11:37:53,068  root       run        DEBUG    Received '01451'
2024-02-16 11:37:53,068  root       handle_request DEBUG    Handling: '01451', header '7E0', ECU '7E0'
2024-02-16 11:37:53,070  root       handle_request DEBUG    Description: Relative throttle position, PID RELATIVE_THROTTLE_POS (01451)
2024-02-16 11:37:53,071  root       handle_response DEBUG    Processing: '<header>7E8</header><size>03</size><data>41 45 10</data>'
2024-02-16 11:37:53,071  root       handle_response DEBUG    Write: '7E8 03 41 45 10 \r\r>'
2024-02-16 11:37:53,084  root       run        DEBUG    Received '01071'
2024-02-16 11:37:53,084  root       handle_request DEBUG    Handling: '01071', header '7E0', ECU '7E0'
2024-02-16 11:37:53,085  root       handle_request DEBUG    Description: Long Term Fuel Trim - Bank 1, PID LONG_FUEL_TRIM_1 (01071)
2024-02-16 11:37:53,086  root       handle_response DEBUG    Processing: '<header>7E8</header><size>03</size><data>41 07 7F</data>'
2024-02-16 11:37:53,086  root       handle_response DEBUG    Write: '7E8 03 41 07 7F \r\r>'
2024-02-16 11:37:53,100  root       run        DEBUG    Received '01341'
2024-02-16 11:37:53,100  root       handle_request DEBUG    Handling: '01341', header '7E0', ECU '7E0'
2024-02-16 11:37:53,101  root       handle_request DEBUG    Description: 02 Sensor 1 WR Lambda Current, PID O2_S1_WR_CURRENT (01341)
2024-02-16 11:37:53,101  root       handle_response DEBUG    Processing: '<header>7E8</header><size>06</size><data>41 34 69 9E 7F 9F</data>'
2024-02-16 11:37:53,101  root       handle_response DEBUG    Write: '7E8 06 41 34 69 9E 7F 9F \r\r>'
2024-02-16 11:37:53,115  root       run        DEBUG    Received '014E1'
2024-02-16 11:37:53,116  root       handle_request DEBUG    Handling: '014E1', header '7E0', ECU '7E0'
2024-02-16 11:37:53,117  root       handle_request DEBUG    Description: Time since trouble codes cleared, PID TIME_SINCE_DTC_CLEARED (014E1)
2024-02-16 11:37:53,117  root       handle_response DEBUG    Processing: '<header>7E8</header><size>04</size><data>41 4E 00 5D</data>'
2024-02-16 11:37:53,118  root       handle_response DEBUG    Write: '7E8 04 41 4E 00 5D \r\r>'
2024-02-16 11:37:53,131  root       run        DEBUG    Received '012C1'
2024-02-16 11:37:53,131  root       handle_request DEBUG    Handling: '012C1', header '7E0', ECU '7E0'
2024-02-16 11:37:53,132  root       handle_request DEBUG    Description: Commanded EGR, PID COMMANDED_EGR (012C1)
2024-02-16 11:37:53,132  root       handle_response DEBUG    Processing: '<header>7E8</header><size>03</size><data>41 2C 00</data>'
2024-02-16 11:37:53,133  root       handle_response DEBUG    Write: '7E8 03 41 2C 00 \r\r>'
2024-02-16 11:37:53,146  root       run        DEBUG    Received '014C1'
2024-02-16 11:37:53,146  root       handle_request DEBUG    Handling: '014C1', header '7E0', ECU '7E0'
2024-02-16 11:37:53,147  root       handle_request DEBUG    Description: Commanded throttle actuator, PID THROTTLE_ACTUATOR (014C1)
2024-02-16 11:37:53,147  root       handle_response DEBUG    Processing: '<header>7E8</header><size>03</size><data>41 4C 6B</data>'
2024-02-16 11:37:53,148  root       handle_response DEBUG    Write: '7E8 03 41 4C 6B \r\r>'
2024-02-16 11:37:53,162  root       run        DEBUG    Received '01151'
2024-02-16 11:37:53,162  root       handle_request DEBUG    Handling: '01151', header '7E0', ECU '7E0'
2024-02-16 11:37:53,163  root       handle_request DEBUG    Description: O2: Bank 1 - Sensor 2 Voltage, PID O2_B1S2 (01151)
2024-02-16 11:37:53,164  root       handle_response DEBUG    Processing: '<header>7E8</header><size>04</size><data>41 15 46 FF</data>'
2024-02-16 11:37:53,164  root       handle_response DEBUG    Write: '7E8 04 41 15 46 FF \r\r>'
2024-02-16 11:37:53,177  root       run        DEBUG    Received '03'
2024-02-16 11:37:53,177  root       handle_request DEBUG    Handling: '03', header '7E0', ECU '7E0'
2024-02-16 11:37:53,179  root       handle_request DEBUG    Description: Get DTCs (Diagnostic Trouble Codes), PID GET_DTC (03)
2024-02-16 11:37:53,179  root       handle_response DEBUG    Processing: '<header>7E8</header><size>02</size><data>43 00</data>'
2024-02-16 11:37:53,180  root       handle_response DEBUG    Write: '7E8 02 43 00 \r\r>'
2024-02-16 11:37:53,193  root       run        DEBUG    Received '013E1'
2024-02-16 11:37:53,193  root       handle_request DEBUG    Handling: '013E1', header '7E0', ECU '7E0'
2024-02-16 11:37:53,194  root       handle_request DEBUG    Description: Catalyst Temperature: Bank 1 - Sensor 2, PID CATALYST_TEMP_B1S2 (013E1)
2024-02-16 11:37:53,195  root       handle_response DEBUG    Processing: '<header>7E8</header><size>04</size><data>41 3E 02 B9</data>'
2024-02-16 11:37:53,195  root       handle_response DEBUG    Write: '7E8 04 41 3E 02 B9 \r\r>'
2024-02-16 11:37:53,547  root       run        DEBUG    Received '07'
2024-02-16 11:37:53,548  root       handle_request DEBUG    Handling: '07', header '7E0', ECU '7E0'
2024-02-16 11:37:53,549  root       handle_request DEBUG    Description: Get DTCs from the current/last driving cycle, PID GET_CURRENT_DTC (07)
2024-02-16 11:37:53,549  root       handle_response DEBUG    Processing: '<header>7E8</header><size>02</size><data>47 00</data>'
2024-02-16 11:37:53,549  root       handle_response DEBUG    Write: '7E8 02 47 00 \r\r>'
2024-02-16 11:37:53,562  root       run        DEBUG    Received '01402'
2024-02-16 11:37:53,562  root       handle_request DEBUG    Handling: '01402', header '7E0', ECU '7E0'
2024-02-16 11:37:53,563  root       handle_request DEBUG    Description: PIDS_C, PID ELM_PIDS_C (01402)
2024-02-16 11:37:53,563  root       handle_response DEBUG    Processing: '<header>7EA</header><size>06</size><data>41 40 44 CC 00 21</data><pos_answer>7A 1C 80 00</pos_answer>'
2024-02-16 11:37:53,564  root       handle_response DEBUG    Write: '7EA 06 41 40 44 CC 00 21 \r7E8 06 41 40 7A 1C 80 00 \r\r>'
2024-02-16 11:37:53,578  root       run        DEBUG    Received '01202'
2024-02-16 11:37:53,578  root       handle_request DEBUG    Handling: '01202', header '7E0', ECU '7E0'
2024-02-16 11:37:53,579  root       handle_request DEBUG    Description: PIDS_B, PID ELM_PIDS_B (01202)
2024-02-16 11:37:53,579  root       handle_response DEBUG    Processing: '<header>7EA</header><size>06</size><data>41 20 80 01 A0 01</data><pos_answer>90 15 B0 15</pos_answer>'
2024-02-16 11:37:53,580  root       handle_response DEBUG    Write: '7EA 06 41 20 80 01 A0 01 \r7E8 06 41 20 90 15 B0 15 \r\r>'
2024-02-16 11:37:53,594  root       run        DEBUG    Received '012E1'
2024-02-16 11:37:53,595  root       handle_request DEBUG    Handling: '012E1', header '7E0', ECU '7E0'
2024-02-16 11:37:53,596  root       handle_request DEBUG    Description: Commanded Evaporative Purge, PID EVAPORATIVE_PURGE (012E1)
2024-02-16 11:37:53,597  root       handle_response DEBUG    Processing: '<header>7E8</header><size>03</size><data>41 2E 00</data>'
2024-02-16 11:37:53,597  root       handle_response DEBUG    Write: '7E8 03 41 2E 00 \r\r>'
2024-02-16 11:37:53,610  root       run        DEBUG    Received '01061'
2024-02-16 11:37:53,610  root       handle_request DEBUG    Handling: '01061', header '7E0', ECU '7E0'
2024-02-16 11:37:53,611  root       handle_request DEBUG    Description: Short Term Fuel Trim - Bank 1, PID SHORT_FUEL_TRIM_1 (01061)
2024-02-16 11:37:53,611  root       handle_response DEBUG    Processing: '<header>7E8</header><size>03</size><data>41 06 88</data>'
2024-02-16 11:37:53,612  root       handle_response DEBUG    Write: '7E8 03 41 06 88 \r\r>'
2024-02-16 11:37:53,625  root       run        DEBUG    Received '011C1'
2024-02-16 11:37:53,625  root       handle_request DEBUG    Handling: '011C1', header '7E0', ECU '7E0'
2024-02-16 11:37:53,626  root       handle_request DEBUG    Description: OBD Standards Compliance, PID OBD_COMPLIANCE (011C1)
2024-02-16 11:37:53,626  root       handle_response DEBUG    Processing: '<header>7E8</header><size>03</size><data>41 1C 06</data>'
2024-02-16 11:37:53,626  root       handle_response DEBUG    Write: '7E8 03 41 1C 06 \r\r>'
2024-02-16 11:37:53,641  root       run        DEBUG    Received '010B1'
2024-02-16 11:37:53,641  root       handle_request DEBUG    Handling: '010B1', header '7E0', ECU '7E0'
2024-02-16 11:37:53,642  root       handle_request DEBUG    Description: Intake Manifold Pressure, PID INTAKE_PRESSURE (010B1)
2024-02-16 11:37:53,642  root       handle_response DEBUG    Processing: '<header>7E8</header><size>03</size><data>41 0B 1E</data>'
2024-02-16 11:37:53,643  root       handle_response DEBUG    Write: '7E8 03 41 0B 1E \r\r>'
2024-02-16 11:37:53,657  root       run        DEBUG    Received '014D1'
2024-02-16 11:37:53,657  root       handle_request DEBUG    Handling: '014D1', header '7E0', ECU '7E0'
2024-02-16 11:37:53,658  root       handle_request DEBUG    Description: Time run with MIL on, PID RUN_TIME_MIL (014D1)
2024-02-16 11:37:53,658  root       handle_response DEBUG    Processing: '<header>7E8</header><size>04</size><data>41 4D 00 00</data>'
2024-02-16 11:37:53,659  root       handle_response DEBUG    Write: '7E8 04 41 4D 00 00 \r\r>'
2024-02-16 11:37:53,672  root       run        DEBUG    Received '010C1'
2024-02-16 11:37:53,672  root       handle_request DEBUG    Handling: '010C1', header '7E0', ECU '7E0'
2024-02-16 11:37:53,673  root       handle_request DEBUG    Description: Engine RPM, PID RPM (010C1)
2024-02-16 11:37:53,673  root       handle_response DEBUG    Processing: '<header>7E8</header><size>04</size><data>41 0C 15 2A</data>'
2024-02-16 11:37:53,673  root       handle_response DEBUG    Write: '7E8 04 41 0C 15 2A \r\r>'
2024-02-16 11:37:53,688  root       run        DEBUG    Received '010F1'
2024-02-16 11:37:53,688  root       handle_request DEBUG    Handling: '010F1', header '7E0', ECU '7E0'
2024-02-16 11:37:53,688  root       handle_request DEBUG    Description: Intake Air Temp, PID INTAKE_TEMP (010F1)
2024-02-16 11:37:53,690  root       handle_response DEBUG    Processing: '<header>7E8</header><size>03</size><data>41 0F 37</data>'
2024-02-16 11:37:53,690  root       handle_response DEBUG    Write: '7E8 03 41 0F 37 \r\r>'
2024-02-16 11:37:53,705  root       run        DEBUG    Received '010D1'
2024-02-16 11:37:53,706  root       handle_request DEBUG    Handling: '010D1', header '7E0', ECU '7E0'
2024-02-16 11:37:53,706  root       handle_request DEBUG    Description: Vehicle Speed, PID SPEED (010D1)
2024-02-16 11:37:53,706  root       handle_response DEBUG    Processing: '<header>7E8</header><size>03</size><data>41 0D 5C</data>'
2024-02-16 11:37:53,706  root       handle_response DEBUG    Write: '7E8 03 41 0D 5C \r\r>'
2024-02-16 11:37:53,720  root       run        DEBUG    Received '01331'
2024-02-16 11:37:53,721  root       handle_request DEBUG    Handling: '01331', header '7E0', ECU '7E0'
2024-02-16 11:37:53,721  root       handle_request DEBUG    Description: Barometric Pressure, PID BAROMETRIC_PRESSURE (01331)
2024-02-16 11:37:53,722  root       handle_response DEBUG    Processing: '<header>7E8</header><size>03</size><data>41 33 61</data>'
2024-02-16 11:37:53,722  root       handle_response DEBUG    Write: '7E8 03 41 33 61 \r\r>'
2024-02-16 11:37:53,736  root       run        DEBUG    Received '011F1'
2024-02-16 11:37:53,736  root       handle_request DEBUG    Handling: '011F1', header '7E0', ECU '7E0'
2024-02-16 11:37:53,737  root       handle_request DEBUG    Description: Engine Run Time, PID RUN_TIME (011F1)
2024-02-16 11:37:53,737  root       handle_response DEBUG    Processing: '<header>7E8</header><size>04</size><data>41 1F 00 75</data>'
2024-02-16 11:37:53,738  root       handle_response DEBUG    Write: '7E8 04 41 1F 00 75 \r\r>'
2024-02-16 11:37:53,752  root       run        DEBUG    Received '01301'
2024-02-16 11:37:53,752  root       handle_request DEBUG    Handling: '01301', header '7E0', ECU '7E0'
2024-02-16 11:37:53,754  root       handle_request DEBUG    Description: Number of warm-ups since codes cleared, PID WARMUPS_SINCE_DTC_CLEAR (01301)
2024-02-16 11:37:53,754  root       handle_response DEBUG    Processing: '<header>7E8</header><size>03</size><data>41 30 04</data>'
2024-02-16 11:37:53,754  root       handle_response DEBUG    Write: '7E8 03 41 30 04 \r\r>'
2024-02-16 11:37:53,768  root       run        DEBUG    Received '09023'
2024-02-16 11:37:53,769  root       handle_request DEBUG    Handling: '09023', header '7E0', ECU '7E0'
2024-02-16 11:37:53,769  root       handle_request DEBUG    Description: Vehicle Identification Number, PID VIN (09023)
2024-02-16 11:37:53,770  root       handle_response DEBUG    Processing: '<pos_answer>01 57 50 30 5A 5A 5A 39 39 5A 54 53 33 39 30 30 30 30</pos_answer>'
2024-02-16 11:37:53,770  root       handle_response DEBUG    Write: '7E8 10 14 49 02 01 57 50 30 \r7E8 21 5A 5A 5A 39 39 5A 54 \r7E8 22 53 33 39 30 30 30 30 \r\r>'
2024-02-16 11:37:53,784  root       run        DEBUG    Received '010E1'
2024-02-16 11:37:53,785  root       handle_request DEBUG    Handling: '010E1', header '7E0', ECU '7E0'
2024-02-16 11:37:53,786  root       handle_request DEBUG    Description: Timing Advance, PID TIMING_ADVANCE (010E1)
2024-02-16 11:37:53,786  root       handle_response DEBUG    Processing: '<header>7E8</header><size>03</size><data>41 0E 95</data>'
2024-02-16 11:37:53,786  root       handle_response DEBUG    Write: '7E8 03 41 0E 95 \r\r>'
2024-02-16 11:37:53,800  root       run        DEBUG    Received '01011'
2024-02-16 11:37:53,801  root       handle_request DEBUG    Handling: '01011', header '7E0', ECU '7E0'
2024-02-16 11:37:53,802  root       handle_request DEBUG    Description: Status since DTCs cleared, PID STATUS (01011)
2024-02-16 11:37:53,803  root       handle_response DEBUG    Processing: '<header>7E8</header><size>06</size><data>41 01 00 07 A1 00</data>'
2024-02-16 11:37:53,803  root       handle_response DEBUG    Write: '7E8 06 41 01 00 07 A1 00 \r\r>'
2024-02-16 11:37:53,815  root       run        DEBUG    Received '01002'
2024-02-16 11:37:53,815  root       handle_request DEBUG    Handling: '01002', header '7E0', ECU '7E0'
2024-02-16 11:37:53,816  root       handle_request DEBUG    Description: PIDS_A, PID ELM_PIDS_A (01002)
2024-02-16 11:37:53,816  root       handle_response DEBUG    Processing: '<header>7EA</header><size>06</size><data>41 00 98 3A 80 13</data><pos_answer>BE 3F A8 13</pos_answer>'
2024-02-16 11:37:53,817  root       handle_response DEBUG    Write: '7EA 06 41 00 98 3A 80 13 \r7E8 06 41 00 BE 3F A8 13 \r\r>'
2024-02-16 11:37:53,830  root       run        DEBUG    Received '01441'
2024-02-16 11:37:53,830  root       handle_request DEBUG    Handling: '01441', header '7E0', ECU '7E0'
2024-02-16 11:37:53,831  root       handle_request DEBUG    Description: Commanded equivalence ratio, PID COMMANDED_EQUIV_RATIO (01441)
2024-02-16 11:37:53,832  root       handle_response DEBUG    Processing: '<header>7E8</header><size>04</size><data>41 44 80 C5</data>'
2024-02-16 11:37:53,832  root       handle_response DEBUG    Write: '7E8 04 41 44 80 C5 \r\r>'
2024-02-16 11:37:53,845  root       run        DEBUG    Received '01471'
2024-02-16 11:37:53,845  root       handle_request DEBUG    Handling: '01471', header '7E0', ECU '7E0'
2024-02-16 11:37:53,846  root       handle_request DEBUG    Description: Absolute throttle position B, PID THROTTLE_POS_B (01471)
2024-02-16 11:37:53,846  root       handle_response DEBUG    Processing: '<header>7E8</header><size>03</size><data>41 47 95</data>'
2024-02-16 11:37:53,847  root       handle_response DEBUG    Write: '7E8 03 41 47 95 \r\r>'
2024-02-16 11:37:53,861  root       run        DEBUG    Received '01431'
2024-02-16 11:37:53,862  root       handle_request DEBUG    Handling: '01431', header '7E0', ECU '7E0'
2024-02-16 11:37:53,863  root       handle_request DEBUG    Description: Absolute load value, PID ABSOLUTE_LOAD (01431)
2024-02-16 11:37:53,863  root       handle_response DEBUG    Processing: '<header>7E8</header><size>04</size><data>41 43 00 1B</data>'
2024-02-16 11:37:53,863  root       handle_response DEBUG    Write: '7E8 04 41 43 00 1B \r\r>'
2024-02-16 11:37:53,877  root       run        DEBUG    Received '01211'
2024-02-16 11:37:53,877  root       handle_request DEBUG    Handling: '01211', header '7E0', ECU '7E0'
2024-02-16 11:37:53,878  root       handle_request DEBUG    Description: Distance Traveled with MIL on, PID DISTANCE_W_MIL (01211)
2024-02-16 11:37:53,878  root       handle_response DEBUG    Processing: '<header>7E8</header><size>04</size><data>41 21 00 00</data>'
2024-02-16 11:37:53,879  root       handle_response DEBUG    Write: '7E8 04 41 21 00 00 \r\r>'
2024-02-16 11:37:53,892  root       run        DEBUG    Received '01131'
2024-02-16 11:37:53,892  root       handle_request DEBUG    Handling: '01131', header '7E0', ECU '7E0'
2024-02-16 11:37:53,893  root       handle_request DEBUG    Description: O2 Sensors Present, PID O2_SENSORS (01131)
2024-02-16 11:37:53,893  root       handle_response DEBUG    Processing: '<header>7E8</header><size>03</size><data>41 13 03</data>'
2024-02-16 11:37:53,894  root       handle_response DEBUG    Write: '7E8 03 41 13 03 \r\r>'
2024-02-16 11:37:53,908  root       run        DEBUG    Received '013C1'
2024-02-16 11:37:53,908  root       handle_request DEBUG    Handling: '013C1', header '7E0', ECU '7E0'
2024-02-16 11:37:53,909  root       handle_request DEBUG    Description: Catalyst Temperature: Bank 1 - Sensor 1, PID CATALYST_TEMP_B1S1 (013C1)
2024-02-16 11:37:53,909  root       handle_response DEBUG    Processing: '<header>7E8</header><size>04</size><data>41 3C 1D 7C</data>'
2024-02-16 11:37:53,910  root       handle_response DEBUG    Write: '7E8 04 41 3C 1D 7C \r\r>'
2024-02-16 11:37:53,924  root       run        DEBUG    Received '01111'
2024-02-16 11:37:53,924  root       handle_request DEBUG    Handling: '01111', header '7E0', ECU '7E0'
2024-02-16 11:37:53,925  root       handle_request DEBUG    Description: Throttle Position, PID THROTTLE_POS (01111)
2024-02-16 11:37:53,925  root       handle_response DEBUG    Processing: '<header>7E8</header><size>03</size><data>41 11 2E</data>'
2024-02-16 11:37:53,926  root       handle_response DEBUG    Write: '7E8 03 41 11 2E \r\r>'
2024-02-16 11:37:53,940  root       run        DEBUG    Received '01241'
2024-02-16 11:37:53,940  root       handle_request DEBUG    Handling: '01241', header '7E0', ECU '7E0'
2024-02-16 11:37:53,941  root       handle_request DEBUG    Description: 02 Sensor 1 WR Lambda Voltage, PID O2_S1_WR_VOLTAGE (01241)
2024-02-16 11:37:53,941  root       handle_response DEBUG    Processing: '<header>7E8</header><size>06</size><data>41 24 81 46 6C E1</data>'
2024-02-16 11:37:53,942  root       handle_response DEBUG    Write: '7E8 06 41 24 81 46 6C E1 \r\r>'
2024-02-16 11:37:53,956  root       run        DEBUG    Received '01031'
2024-02-16 11:37:53,956  root       handle_request DEBUG    Handling: '01031', header '7E0', ECU '7E0'
2024-02-16 11:37:53,956  root       handle_request DEBUG    Description: Fuel System Status, PID FUEL_STATUS (01031)
2024-02-16 11:37:53,956  root       handle_response DEBUG    Processing: '<header>7E8</header><size>04</size><data>41 03 00 00</data>'
2024-02-16 11:37:53,956  root       handle_response DEBUG    Write: '7E8 04 41 03 00 00 \r\r>'
2024-02-16 11:37:53,971  root       run        DEBUG    Received '01051'
2024-02-16 11:37:53,971  root       handle_request DEBUG    Handling: '01051', header '7E0', ECU '7E0'
2024-02-16 11:37:53,971  root       handle_request DEBUG    Description: Engine Coolant Temperature, PID COOLANT_TEMP (01051)
2024-02-16 11:37:53,972  root       handle_response DEBUG    Processing: '<header>7E8</header><size>03</size><data>41 05 55</data>'
2024-02-16 11:37:53,972  root       handle_response DEBUG    Write: '7E8 03 41 05 55 \r\r>'
2024-02-16 11:37:53,986  root       run        DEBUG    Received '01511'
2024-02-16 11:37:53,986  root       handle_request DEBUG    Handling: '01511', header '7E0', ECU '7E0'
2024-02-16 11:37:53,987  root       handle_request DEBUG    Description: Fuel Type, PID FUEL_TYPE (01511)
2024-02-16 11:37:53,987  root       handle_response DEBUG    Processing: '<header>7E8</header><size>03</size><data>41 51 01</data>'
2024-02-16 11:37:53,987  root       handle_response DEBUG    Write: '7E8 03 41 51 01 \r\r>'
2024-02-16 11:37:54,002  root       run        DEBUG    Received '01311'
2024-02-16 11:37:54,002  root       handle_request DEBUG    Handling: '01311', header '7E0', ECU '7E0'
2024-02-16 11:37:54,003  root       handle_request DEBUG    Description: Distance traveled since codes cleared, PID DISTANCE_SINCE_DTC_CLEAR (01311)
2024-02-16 11:37:54,003  root       handle_response DEBUG    Processing: '<header>7E8</header><size>04</size><data>41 31 00 31</data>'
2024-02-16 11:37:54,004  root       handle_response DEBUG    Write: '7E8 04 41 31 00 31 \r\r>'
2024-02-16 11:37:54,017  root       run        DEBUG    Received '01041'
2024-02-16 11:37:54,017  root       handle_request DEBUG    Handling: '01041', header '7E0', ECU '7E0'
2024-02-16 11:37:54,018  root       handle_request DEBUG    Description: Calculated Engine Load, PID ENGINE_LOAD (01041)
2024-02-16 11:37:54,018  root       handle_response DEBUG    Processing: '<header>7E8</header><size>03</size><data>41 04 D6</data>'
2024-02-16 11:37:54,018  root       handle_response DEBUG    Write: '7E8 03 41 04 D6 \r\r>'
2024-02-16 11:37:54,032  root       run        DEBUG    Received '01421'
2024-02-16 11:37:54,033  root       handle_request DEBUG    Handling: '01421', header '7E0', ECU '7E0'
2024-02-16 11:37:54,033  root       handle_request DEBUG    Description: Control module voltage, PID CONTROL_MODULE_VOLTAGE (01421)
2024-02-16 11:37:54,034  root       handle_response DEBUG    Processing: '<header>7E8</header><size>04</size><data>41 42 39 73</data>'
2024-02-16 11:37:54,035  root       handle_response DEBUG    Write: '7E8 04 41 42 39 73 \r\r>'
2024-02-16 11:37:54,048  root       run        DEBUG    Received 'ATRV'
2024-02-16 11:37:54,048  root       handle_request DEBUG    Handling: 'ATRV', header '7E0', ECU '7E0'
2024-02-16 11:37:54,049  root       handle_request DEBUG    Description: AT read volt, PID AT_R_VOLT (ATRV)
2024-02-16 11:37:54,049  root       <module>   DEBUG    Volt = 13.6
2024-02-16 11:37:54,050  root       handle_response DEBUG    Processing: '<string>13.6</string><writeln>V</writeln>'
2024-02-16 11:37:54,050  root       handle_response DEBUG    Write: '13.6V\r\r>'
2024-02-16 11:37:54,063  root       run        DEBUG    Received '01101'
2024-02-16 11:37:54,064  root       handle_request DEBUG    Handling: '01101', header '7E0', ECU '7E0'
2024-02-16 11:37:54,064  root       handle_request DEBUG    Description: Air Flow Rate (MAF), PID MAF (01101)
2024-02-16 11:37:54,064  root       handle_response DEBUG    Processing: '<header>7E8</header><size>04</size><data>41 10 10 20</data>'
2024-02-16 11:37:54,065  root       handle_response DEBUG    Write: '7E8 04 41 10 10 20 \r\r>'
2024-02-16 11:37:54,080  root       run        DEBUG    Received '01451'
2024-02-16 11:37:54,080  root       handle_request DEBUG    Handling: '01451', header '7E0', ECU '7E0'
2024-02-16 11:37:54,081  root       handle_request DEBUG    Description: Relative throttle position, PID RELATIVE_THROTTLE_POS (01451)
2024-02-16 11:37:54,081  root       handle_response DEBUG    Processing: '<header>7E8</header><size>03</size><data>41 45 02</data>'
2024-02-16 11:37:54,082  root       handle_response DEBUG    Write: '7E8 03 41 45 02 \r\r>'
2024-02-16 11:37:54,095  root       run        DEBUG    Received '01071'
2024-02-16 11:37:54,096  root       handle_request DEBUG    Handling: '01071', header '7E0', ECU '7E0'
2024-02-16 11:37:54,098  root       handle_request DEBUG    Description: Long Term Fuel Trim - Bank 1, PID LONG_FUEL_TRIM_1 (01071)
2024-02-16 11:37:54,099  root       handle_response DEBUG    Processing: '<header>7E8</header><size>03</size><data>41 07 78</data>'
2024-02-16 11:37:54,100  root       handle_response DEBUG    Write: '7E8 03 41 07 78 \r\r>'
2024-02-16 11:37:54,110  root       run        DEBUG    Received '01341'
2024-02-16 11:37:54,110  root       handle_request DEBUG    Handling: '01341', header '7E0', ECU '7E0'
2024-02-16 11:37:54,111  root       handle_request DEBUG    Description: 02 Sensor 1 WR Lambda Current, PID O2_S1_WR_CURRENT (01341)
2024-02-16 11:37:54,112  root       handle_response DEBUG    Processing: '<header>7E8</header><size>06</size><data>41 34 9D CF 81 6D</data>'
2024-02-16 11:37:54,112  root       handle_response DEBUG    Write: '7E8 06 41 34 9D CF 81 6D \r\r>'
2024-02-16 11:37:54,126  root       run        DEBUG    Received '014E1'
2024-02-16 11:37:54,126  root       handle_request DEBUG    Handling: '014E1', header '7E0', ECU '7E0'
2024-02-16 11:37:54,127  root       handle_request DEBUG    Description: Time since trouble codes cleared, PID TIME_SINCE_DTC_CLEARED (014E1)
2024-02-16 11:37:54,127  root       handle_response DEBUG    Processing: '<header>7E8</header><size>04</size><data>41 4E 00 5C</data>'
2024-02-16 11:37:54,127  root       handle_response DEBUG    Write: '7E8 04 41 4E 00 5C \r\r>'
2024-02-16 11:37:54,141  root       run        DEBUG    Received '012C1'
2024-02-16 11:37:54,141  root       handle_request DEBUG    Handling: '012C1', header '7E0', ECU '7E0'
2024-02-16 11:37:54,142  root       handle_request DEBUG    Description: Commanded EGR, PID COMMANDED_EGR (012C1)
2024-02-16 11:37:54,142  root       handle_response DEBUG    Processing: '<header>7E8</header><size>03</size><data>41 2C 00</data>'
2024-02-16 11:37:54,142  root       handle_response DEBUG    Write: '7E8 03 41 2C 00 \r\r>'
2024-02-16 11:37:54,157  root       run        DEBUG    Received '014C1'
2024-02-16 11:37:54,158  root       handle_request DEBUG    Handling: '014C1', header '7E0', ECU '7E0'
2024-02-16 11:37:54,158  root       handle_request DEBUG    Description: Commanded throttle actuator, PID THROTTLE_ACTUATOR (014C1)
2024-02-16 11:37:54,158  root       handle_response DEBUG    Processing: '<header>7E8</header><size>03</size><data>41 4C 33</data>'
2024-02-16 11:37:54,158  root       handle_response DEBUG    Write: '7E8 03 41 4C 33 \r\r>'
2024-02-16 11:37:54,172  root       run        DEBUG    Received '01151'
2024-02-16 11:37:54,172  root       handle_request DEBUG    Handling: '01151', header '7E0', ECU '7E0'
2024-02-16 11:37:54,173  root       handle_request DEBUG    Description: O2: Bank 1 - Sensor 2 Voltage, PID O2_B1S2 (01151)
2024-02-16 11:37:54,173  root       handle_response DEBUG    Processing: '<header>7E8</header><size>04</size><data>41 15 07 FF</data>'
2024-02-16 11:37:54,173  root       handle_response DEBUG    Write: '7E8 04 41 15 07 FF \r\r>'
2024-02-16 11:37:54,187  root       run        DEBUG    Received '03'
2024-02-16 11:37:54,187  root       handle_request DEBUG    Handling: '03', header '7E0', ECU '7E0'
2024-02-16 11:37:54,188  root       handle_request DEBUG    Description: Get DTCs (Diagnostic Trouble Codes), PID GET_DTC (03)
2024-02-16 11:37:54,188  root       handle_response DEBUG    Processing: '<header>7E8</header><size>02</size><data>43 00</data>'
2024-02-16 11:37:54,190  root       handle_response DEBUG    Write: '7E8 02 43 00 \r\r>'
2024-02-16 11:37:54,202  root       run        DEBUG    Received '013E1'
2024-02-16 11:37:54,202  root       handle_request DEBUG    Handling: '013E1', header '7E0', ECU '7E0'
2024-02-16 11:37:54,203  root       handle_request DEBUG    Description: Catalyst Temperature: Bank 1 - Sensor 2, PID CATALYST_TEMP_B1S2 (013E1)
2024-02-16 11:37:54,203  root       handle_response DEBUG    Processing: '<header>7E8</header><size>04</size><data>41 3E 16 DD</data>'
2024-02-16 11:37:54,204  root       handle_response DEBUG    Write: '7E8 04 41 3E 16 DD \r\r>'
2024-02-16 11:37:54,560  root       run        DEBUG    Received 'ATZ'
2024-02-16 11:37:54,560  root       handle_request DEBUG    Handling: 'ATZ', header '7E0', ECU '7E0'
2024-02-16 11:37:54,561  root       handle_request DEBUG    Description: AT RESET, PID AT_RESET (ATZ)
2024-02-16 11:37:54,561  root       reset      DEBUG    Resetting counters and sleeping for 0.5 seconds
2024-02-16 11:37:55,074  root       <module>   DEBUG    Reset and sleep 0.5 seconds
2024-02-16 11:37:55,074  root       handle_response DEBUG    Processing: '<writeln></writeln><writeln></writeln><writeln>ELM327 v1.5</writeln>'
2024-02-16 11:37:55,075  root       handle_response DEBUG    Write: '\r\rELM327 v1.5\r\r>'
